05-27-2021 14:43:28 [main] INFO  com.learningselenium.testbase.TestBase - Connected to MySQL Database
05-27-2021 14:43:28 [main] INFO  com.learningselenium.testbase.TestBase - Loaded TestConfig & Object Repository Properties File.
05-27-2021 14:43:31 [main] INFO  com.learningselenium.testbase.TestBase - WebDriver setup successfully completed.
05-27-2021 14:43:36 [main] INFO  com.learningselenium.testbase.TestBase - Navigated to http://www.way2automation.com/angularjs-protractor/banking/#/login url.
05-27-2021 14:43:37 [main] INFO  com.learningselenium.testbase.TestBase - Clicked BankManagerLogin_Button_XPATH field
05-27-2021 14:43:37 [main] INFO  com.learningselenium.testbase.TestBase - Clicked AddCustomer_MenuButton_XPATH field
05-27-2021 14:43:37 [main] INFO  com.learningselenium.testbase.TestBase - Entered Vinod in AddCustomer_FirstName_TextField_XPATH field
05-27-2021 14:43:37 [main] INFO  com.learningselenium.testbase.TestBase - Entered Mallah in AddCustomer_LastName_TextField_XPATH field
05-27-2021 14:43:37 [main] INFO  com.learningselenium.testbase.TestBase - Entered 400078 in AddCustomer_PostCode_TextField_XPATH field
05-27-2021 14:43:38 [main] INFO  com.learningselenium.testbase.TestBase - Clicked AddCustomer_Button_XPATH field
05-27-2021 14:43:38 [main] INFO  com.learningselenium.testbase.TestBase - Clicked Customer_MenuButton_XPATH field
05-27-2021 14:43:43 [main] INFO  com.learningselenium.testbase.TestBase - Added record : Vinod is present in Customers Table
05-27-2021 14:43:43 [main] INFO  com.learningselenium.testhelpers.CustomListeners - TestCase : test001_AddCustomerTest Passed.
05-27-2021 14:43:43 [main] INFO  com.learningselenium.testbase.TestBase - Closed all driver browser instances.
05-27-2021 14:43:45 [main] INFO  com.learningselenium.testbase.TestBase - WebDriver setup successfully completed.
05-27-2021 14:43:49 [main] INFO  com.learningselenium.testbase.TestBase - Navigated to http://www.way2automation.com/angularjs-protractor/banking/#/login url.
05-27-2021 14:43:50 [main] INFO  com.learningselenium.testbase.TestBase - Clicked BankManagerLogin_Button_XPATH field
05-27-2021 14:43:50 [main] INFO  com.learningselenium.testbase.TestBase - Clicked AddCustomer_MenuButton_XPATH field
05-27-2021 14:43:50 [main] INFO  com.learningselenium.testbase.TestBase - Entered Prahakta in AddCustomer_FirstName_TextField_XPATH field
05-27-2021 14:43:50 [main] INFO  com.learningselenium.testbase.TestBase - Entered Mallah in AddCustomer_LastName_TextField_XPATH field
05-27-2021 14:43:50 [main] INFO  com.learningselenium.testbase.TestBase - Entered 400104 in AddCustomer_PostCode_TextField_XPATH field
05-27-2021 14:43:50 [main] INFO  com.learningselenium.testbase.TestBase - Clicked AddCustomer_Button_XPATH field
05-27-2021 14:43:50 [main] INFO  com.learningselenium.testbase.TestBase - Clicked Customer_MenuButton_XPATH field
05-27-2021 14:43:55 [main] INFO  com.learningselenium.testbase.TestBase - Added record : Prahakta is present in Customers Table
05-27-2021 14:43:55 [main] INFO  com.learningselenium.testhelpers.CustomListeners - TestCase : test001_AddCustomerTest Passed.
05-27-2021 14:43:56 [main] INFO  com.learningselenium.testbase.TestBase - Closed all driver browser instances.
05-27-2021 14:43:57 [main] INFO  com.learningselenium.testbase.TestBase - WebDriver setup successfully completed.
05-27-2021 14:43:58 [main] INFO  com.learningselenium.testbase.TestBase - Navigated to http://www.way2automation.com/angularjs-protractor/banking/#/login url.
05-27-2021 14:43:58 [main] INFO  com.learningselenium.testbase.TestBase - Clicked BankManagerLogin_Button_XPATH field
05-27-2021 14:43:59 [main] INFO  com.learningselenium.testbase.TestBase - Clicked AddCustomer_MenuButton_XPATH field
05-27-2021 14:43:59 [main] INFO  com.learningselenium.testbase.TestBase - Entered Vinod in AddCustomer_FirstName_TextField_XPATH field
05-27-2021 14:43:59 [main] INFO  com.learningselenium.testbase.TestBase - Entered Mallah in AddCustomer_LastName_TextField_XPATH field
05-27-2021 14:43:59 [main] INFO  com.learningselenium.testbase.TestBase - Entered 400078 in AddCustomer_PostCode_TextField_XPATH field
05-27-2021 14:43:59 [main] INFO  com.learningselenium.testbase.TestBase - Clicked AddCustomer_Button_XPATH field
05-27-2021 14:43:59 [main] INFO  com.learningselenium.testbase.TestBase - Clicked OpenAccount_MenuButton_XPATH field
