05-27-2021 14:53:18 [main] INFO  com.learningselenium.testbase.TestBase - Connected to MySQL Database
05-27-2021 14:53:18 [main] INFO  com.learningselenium.testbase.TestBase - Loaded TestConfig & Object Repository Properties File.
05-27-2021 14:53:20 [main] INFO  com.learningselenium.testbase.TestBase - WebDriver setup successfully completed.
05-27-2021 14:53:22 [main] INFO  com.learningselenium.testbase.TestBase - Navigated to http://www.way2automation.com/angularjs-protractor/banking/#/login url.
05-27-2021 14:53:23 [main] INFO  com.learningselenium.testbase.TestBase - Clicked BankManagerLogin_Button_XPATH field
05-27-2021 14:53:23 [main] INFO  com.learningselenium.testbase.TestBase - Clicked AddCustomer_MenuButton_XPATH field
05-27-2021 14:53:23 [main] INFO  com.learningselenium.testbase.TestBase - Entered Vinod in AddCustomer_FirstName_TextField_XPATH field
05-27-2021 14:53:23 [main] INFO  com.learningselenium.testbase.TestBase - Entered Mallah in AddCustomer_LastName_TextField_XPATH field
05-27-2021 14:53:24 [main] INFO  com.learningselenium.testbase.TestBase - Entered 400078 in AddCustomer_PostCode_TextField_XPATH field
05-27-2021 14:53:24 [main] INFO  com.learningselenium.testbase.TestBase - Clicked AddCustomer_Button_XPATH field
05-27-2021 14:53:24 [main] INFO  com.learningselenium.testbase.TestBase - Clicked Customer_MenuButton_XPATH field
05-27-2021 14:53:29 [main] INFO  com.learningselenium.testbase.TestBase - Added record : Vinod is present in Customers Table
05-27-2021 14:53:29 [main] INFO  com.learningselenium.testhelpers.CustomListeners - TestCase : test001_AddCustomerTest Passed.
05-27-2021 14:53:30 [main] INFO  com.learningselenium.testbase.TestBase - Closed all driver browser instances.
05-27-2021 14:53:31 [main] INFO  com.learningselenium.testbase.TestBase - WebDriver setup successfully completed.
05-27-2021 14:53:32 [main] INFO  com.learningselenium.testbase.TestBase - Navigated to http://www.way2automation.com/angularjs-protractor/banking/#/login url.
05-27-2021 14:53:32 [main] INFO  com.learningselenium.testbase.TestBase - Clicked BankManagerLogin_Button_XPATH field
05-27-2021 14:53:32 [main] INFO  com.learningselenium.testbase.TestBase - Clicked AddCustomer_MenuButton_XPATH field
05-27-2021 14:53:33 [main] INFO  com.learningselenium.testbase.TestBase - Entered Prahakta in AddCustomer_FirstName_TextField_XPATH field
05-27-2021 14:53:33 [main] INFO  com.learningselenium.testbase.TestBase - Entered Mallah in AddCustomer_LastName_TextField_XPATH field
05-27-2021 14:53:33 [main] INFO  com.learningselenium.testbase.TestBase - Entered 400104 in AddCustomer_PostCode_TextField_XPATH field
05-27-2021 14:53:33 [main] INFO  com.learningselenium.testbase.TestBase - Clicked AddCustomer_Button_XPATH field
05-27-2021 14:53:33 [main] INFO  com.learningselenium.testbase.TestBase - Clicked Customer_MenuButton_XPATH field
05-27-2021 14:53:38 [main] INFO  com.learningselenium.testbase.TestBase - Added record : Prahakta is present in Customers Table
05-27-2021 14:53:38 [main] INFO  com.learningselenium.testhelpers.CustomListeners - TestCase : test001_AddCustomerTest Passed.
05-27-2021 14:53:39 [main] INFO  com.learningselenium.testbase.TestBase - Closed all driver browser instances.
05-27-2021 14:53:40 [main] INFO  com.learningselenium.testbase.TestBase - WebDriver setup successfully completed.
05-27-2021 14:53:43 [main] INFO  com.learningselenium.testbase.TestBase - Navigated to http://www.way2automation.com/angularjs-protractor/banking/#/login url.
05-27-2021 14:53:43 [main] INFO  com.learningselenium.testbase.TestBase - Clicked BankManagerLogin_Button_XPATH field
05-27-2021 14:53:43 [main] INFO  com.learningselenium.testbase.TestBase - Clicked AddCustomer_MenuButton_XPATH field
05-27-2021 14:53:43 [main] INFO  com.learningselenium.testbase.TestBase - Entered Vinod in AddCustomer_FirstName_TextField_XPATH field
05-27-2021 14:53:43 [main] INFO  com.learningselenium.testbase.TestBase - Entered Mallah in AddCustomer_LastName_TextField_XPATH field
05-27-2021 14:53:44 [main] INFO  com.learningselenium.testbase.TestBase - Entered 400078 in AddCustomer_PostCode_TextField_XPATH field
05-27-2021 14:53:44 [main] INFO  com.learningselenium.testbase.TestBase - Clicked AddCustomer_Button_XPATH field
05-27-2021 14:53:44 [main] INFO  com.learningselenium.testbase.TestBase - Clicked OpenAccount_MenuButton_XPATH field
05-27-2021 14:53:44 [main] INFO  com.learningselenium.testbase.TestBase - Selected Vinod Mallah in OpenAccount_Customer_Select_XPATH Select field
05-27-2021 14:53:44 [main] INFO  com.learningselenium.testbase.TestBase - Selected Pound in OpenAccount_Currency_Select_XPATH Select field
05-27-2021 14:53:44 [main] INFO  com.learningselenium.testbase.TestBase - Clicked OpenAccount_Process_Button_XPATH field
05-27-2021 14:53:45 [main] INFO  com.learningselenium.testbase.TestBase - Clicked Customer_MenuButton_XPATH field
05-27-2021 14:53:45 [main] INFO  com.learningselenium.testbase.TestBase - Added record : Vinod is present in Customers Table
05-27-2021 14:53:45 [main] INFO  com.learningselenium.testhelpers.CustomListeners - TestCase : test002_OpenAccountTest Passed.
05-27-2021 14:53:46 [main] INFO  com.learningselenium.testbase.TestBase - Closed all driver browser instances.
05-27-2021 14:53:47 [main] INFO  com.learningselenium.testbase.TestBase - WebDriver setup successfully completed.
05-27-2021 14:53:51 [main] INFO  com.learningselenium.testbase.TestBase - Navigated to http://www.way2automation.com/angularjs-protractor/banking/#/login url.
05-27-2021 14:53:51 [main] INFO  com.learningselenium.testbase.TestBase - Clicked BankManagerLogin_Button_XPATH field
05-27-2021 14:53:52 [main] INFO  com.learningselenium.testbase.TestBase - Clicked AddCustomer_MenuButton_XPATH field
05-27-2021 14:53:52 [main] INFO  com.learningselenium.testbase.TestBase - Entered Prahakta in AddCustomer_FirstName_TextField_XPATH field
05-27-2021 14:53:52 [main] INFO  com.learningselenium.testbase.TestBase - Entered Mallah in AddCustomer_LastName_TextField_XPATH field
05-27-2021 14:53:52 [main] INFO  com.learningselenium.testbase.TestBase - Entered 400104 in AddCustomer_PostCode_TextField_XPATH field
05-27-2021 14:53:53 [main] INFO  com.learningselenium.testbase.TestBase - Clicked AddCustomer_Button_XPATH field
05-27-2021 14:53:53 [main] INFO  com.learningselenium.testbase.TestBase - Clicked OpenAccount_MenuButton_XPATH field
05-27-2021 14:53:53 [main] INFO  com.learningselenium.testbase.TestBase - Selected Prahakta Mallah in OpenAccount_Customer_Select_XPATH Select field
05-27-2021 14:53:53 [main] INFO  com.learningselenium.testbase.TestBase - Selected Pound in OpenAccount_Currency_Select_XPATH Select field
05-27-2021 14:53:53 [main] INFO  com.learningselenium.testbase.TestBase - Clicked OpenAccount_Process_Button_XPATH field
05-27-2021 14:53:53 [main] INFO  com.learningselenium.testbase.TestBase - Clicked Customer_MenuButton_XPATH field
05-27-2021 14:53:54 [main] INFO  com.learningselenium.testbase.TestBase - Added record : Prahakta is present in Customers Table
05-27-2021 14:53:54 [main] INFO  com.learningselenium.testhelpers.CustomListeners - TestCase : test002_OpenAccountTest Passed.
05-27-2021 14:53:55 [main] INFO  com.learningselenium.testbase.TestBase - Closed all driver browser instances.
05-27-2021 14:53:56 [main] INFO  com.learningselenium.testbase.TestBase - WebDriver setup successfully completed.
05-27-2021 14:53:57 [main] INFO  com.learningselenium.testbase.TestBase - Navigated to http://www.way2automation.com/angularjs-protractor/banking/#/login url.
05-27-2021 14:53:57 [main] INFO  com.learningselenium.testbase.TestBase - Clicked BankManagerLogin_Button_XPATH field
05-27-2021 14:53:58 [main] INFO  com.learningselenium.testbase.TestBase - Clicked AddCustomer_MenuButton_XPATH field
05-27-2021 14:53:58 [main] INFO  com.learningselenium.testbase.TestBase - Entered Vinod in AddCustomer_FirstName_TextField_XPATH field
05-27-2021 14:53:58 [main] INFO  com.learningselenium.testbase.TestBase - Entered Mallah in AddCustomer_LastName_TextField_XPATH field
05-27-2021 14:53:58 [main] INFO  com.learningselenium.testbase.TestBase - Entered 400078 in AddCustomer_PostCode_TextField_XPATH field
05-27-2021 14:53:58 [main] INFO  com.learningselenium.testbase.TestBase - Clicked AddCustomer_Button_XPATH field
05-27-2021 14:53:58 [main] INFO  com.learningselenium.testbase.TestBase - Clicked OpenAccount_MenuButton_XPATH field
05-27-2021 14:53:59 [main] INFO  com.learningselenium.testbase.TestBase - Selected Vinod Mallah in OpenAccount_Customer_Select_XPATH Select field
05-27-2021 14:53:59 [main] INFO  com.learningselenium.testbase.TestBase - Selected Pound in OpenAccount_Currency_Select_XPATH Select field
05-27-2021 14:53:59 [main] INFO  com.learningselenium.testbase.TestBase - Clicked OpenAccount_Process_Button_XPATH field
05-27-2021 14:53:59 [main] INFO  com.learningselenium.testbase.TestBase - Clicked Customer_MenuButton_XPATH field
