05-27-2021 14:44:00 [main] INFO  com.learningselenium.testbase.TestBase - Selected Vinod Mallah in OpenAccount_Customer_Select_XPATH Select field
05-27-2021 14:44:00 [main] INFO  com.learningselenium.testbase.TestBase - Selected Pound in OpenAccount_Currency_Select_XPATH Select field
05-27-2021 14:44:00 [main] INFO  com.learningselenium.testbase.TestBase - Clicked OpenAccount_Process_Button_XPATH field
05-27-2021 14:44:00 [main] INFO  com.learningselenium.testbase.TestBase - Clicked Customer_MenuButton_XPATH field
05-27-2021 14:44:00 [main] INFO  com.learningselenium.testbase.TestBase - Added record : Vinod is present in Customers Table
05-27-2021 14:44:00 [main] INFO  com.learningselenium.testhelpers.CustomListeners - TestCase : test002_OpenAccountTest Passed.
05-27-2021 14:44:01 [main] INFO  com.learningselenium.testbase.TestBase - Closed all driver browser instances.
05-27-2021 14:44:02 [main] INFO  com.learningselenium.testbase.TestBase - WebDriver setup successfully completed.
05-27-2021 14:44:05 [main] INFO  com.learningselenium.testbase.TestBase - Navigated to http://www.way2automation.com/angularjs-protractor/banking/#/login url.
05-27-2021 14:44:05 [main] INFO  com.learningselenium.testbase.TestBase - Clicked BankManagerLogin_Button_XPATH field
05-27-2021 14:44:05 [main] INFO  com.learningselenium.testbase.TestBase - Clicked AddCustomer_MenuButton_XPATH field
05-27-2021 14:44:05 [main] INFO  com.learningselenium.testbase.TestBase - Entered Prahakta in AddCustomer_FirstName_TextField_XPATH field
05-27-2021 14:44:05 [main] INFO  com.learningselenium.testbase.TestBase - Entered Mallah in AddCustomer_LastName_TextField_XPATH field
05-27-2021 14:44:05 [main] INFO  com.learningselenium.testbase.TestBase - Entered 400104 in AddCustomer_PostCode_TextField_XPATH field
05-27-2021 14:44:06 [main] INFO  com.learningselenium.testbase.TestBase - Clicked AddCustomer_Button_XPATH field
05-27-2021 14:44:06 [main] INFO  com.learningselenium.testbase.TestBase - Clicked OpenAccount_MenuButton_XPATH field
05-27-2021 14:44:06 [main] INFO  com.learningselenium.testbase.TestBase - Selected Prahakta Mallah in OpenAccount_Customer_Select_XPATH Select field
05-27-2021 14:44:07 [main] INFO  com.learningselenium.testbase.TestBase - Selected Pound in OpenAccount_Currency_Select_XPATH Select field
05-27-2021 14:44:07 [main] INFO  com.learningselenium.testbase.TestBase - Clicked OpenAccount_Process_Button_XPATH field
05-27-2021 14:44:07 [main] INFO  com.learningselenium.testbase.TestBase - Clicked Customer_MenuButton_XPATH field
05-27-2021 14:44:07 [main] INFO  com.learningselenium.testbase.TestBase - Added record : Prahakta is present in Customers Table
05-27-2021 14:44:07 [main] INFO  com.learningselenium.testhelpers.CustomListeners - TestCase : test002_OpenAccountTest Passed.
05-27-2021 14:44:08 [main] INFO  com.learningselenium.testbase.TestBase - Closed all driver browser instances.
05-27-2021 14:44:10 [main] INFO  com.learningselenium.testbase.TestBase - WebDriver setup successfully completed.
05-27-2021 14:44:10 [main] INFO  com.learningselenium.testbase.TestBase - Navigated to http://www.way2automation.com/angularjs-protractor/banking/#/login url.
05-27-2021 14:44:11 [main] INFO  com.learningselenium.testbase.TestBase - Clicked BankManagerLogin_Button_XPATH field
05-27-2021 14:44:12 [main] INFO  com.learningselenium.testbase.TestBase - Clicked AddCustomer_MenuButton_XPATH field
05-27-2021 14:44:12 [main] INFO  com.learningselenium.testbase.TestBase - Entered Vinod in AddCustomer_FirstName_TextField_XPATH field
05-27-2021 14:44:12 [main] INFO  com.learningselenium.testbase.TestBase - Entered Mallah in AddCustomer_LastName_TextField_XPATH field
05-27-2021 14:44:12 [main] INFO  com.learningselenium.testbase.TestBase - Entered 400078 in AddCustomer_PostCode_TextField_XPATH field
05-27-2021 14:44:13 [main] INFO  com.learningselenium.testbase.TestBase - Clicked AddCustomer_Button_XPATH field
05-27-2021 14:44:13 [main] INFO  com.learningselenium.testbase.TestBase - Clicked OpenAccount_MenuButton_XPATH field
05-27-2021 14:44:13 [main] INFO  com.learningselenium.testbase.TestBase - Selected Vinod Mallah in OpenAccount_Customer_Select_XPATH Select field
05-27-2021 14:44:13 [main] INFO  com.learningselenium.testbase.TestBase - Selected Pound in OpenAccount_Currency_Select_XPATH Select field
05-27-2021 14:44:13 [main] INFO  com.learningselenium.testbase.TestBase - Clicked OpenAccount_Process_Button_XPATH field
05-27-2021 14:44:13 [main] INFO  com.learningselenium.testbase.TestBase - Clicked Customer_MenuButton_XPATH field
05-27-2021 14:44:13 [main] INFO  com.learningselenium.testbase.TestBase - Added record : Vinod is present in Customers Table
05-27-2021 14:44:13 [main] INFO  com.learningselenium.testbase.TestBase - Account text for the record : Vinod is present in Customers Table
05-27-2021 14:44:13 [main] INFO  com.learningselenium.testbase.TestBase - Entered Vinod in Customers_SearchCustomer_TextField_XPATH field
05-27-2021 14:44:13 [main] INFO  com.learningselenium.testbase.TestBase - Clicked Customer_SearchedCustomer_Delete_Button_XPATH field
05-27-2021 14:44:13 [main] INFO  com.learningselenium.testbase.TestBase - Entered Vinod in Customers_SearchCustomer_TextField_XPATH field
05-27-2021 14:44:23 [main] INFO  com.learningselenium.testbase.TestBase - Record Deleted Successfully!!!!!
05-27-2021 14:44:23 [main] INFO  com.learningselenium.testhelpers.CustomListeners - TestCase : test003_DeleteCustomerTest Passed.
05-27-2021 14:44:24 [main] INFO  com.learningselenium.testbase.TestBase - Closed all driver browser instances.
05-27-2021 14:44:25 [main] INFO  com.learningselenium.testbase.TestBase - WebDriver setup successfully completed.
05-27-2021 14:44:27 [main] INFO  com.learningselenium.testbase.TestBase - Navigated to http://www.way2automation.com/angularjs-protractor/banking/#/login url.
05-27-2021 14:44:27 [main] INFO  com.learningselenium.testbase.TestBase - Clicked BankManagerLogin_Button_XPATH field
05-27-2021 14:44:27 [main] INFO  com.learningselenium.testbase.TestBase - Clicked AddCustomer_MenuButton_XPATH field
05-27-2021 14:44:27 [main] INFO  com.learningselenium.testbase.TestBase - Entered Prahakta in AddCustomer_FirstName_TextField_XPATH field
05-27-2021 14:44:28 [main] INFO  com.learningselenium.testbase.TestBase - Entered Mallah in AddCustomer_LastName_TextField_XPATH field
05-27-2021 14:44:28 [main] INFO  com.learningselenium.testbase.TestBase - Entered 400104 in AddCustomer_PostCode_TextField_XPATH field
05-27-2021 14:44:28 [main] INFO  com.learningselenium.testbase.TestBase - Clicked AddCustomer_Button_XPATH field
05-27-2021 14:44:28 [main] INFO  com.learningselenium.testbase.TestBase - Clicked OpenAccount_MenuButton_XPATH field
05-27-2021 14:44:29 [main] INFO  com.learningselenium.testbase.TestBase - Selected Prahakta Mallah in OpenAccount_Customer_Select_XPATH Select field
05-27-2021 14:44:29 [main] INFO  com.learningselenium.testbase.TestBase - Selected Pound in OpenAccount_Currency_Select_XPATH Select field
05-27-2021 14:44:29 [main] INFO  com.learningselenium.testbase.TestBase - Clicked OpenAccount_Process_Button_XPATH field
05-27-2021 14:44:29 [main] INFO  com.learningselenium.testbase.TestBase - Clicked Customer_MenuButton_XPATH field
05-27-2021 14:44:29 [main] INFO  com.learningselenium.testbase.TestBase - Added record : Prahakta is present in Customers Table
05-27-2021 14:44:29 [main] INFO  com.learningselenium.testbase.TestBase - Account text for the record : Prahakta is present in Customers Table
05-27-2021 14:44:29 [main] INFO  com.learningselenium.testbase.TestBase - Entered Prahakta in Customers_SearchCustomer_TextField_XPATH field
05-27-2021 14:44:29 [main] INFO  com.learningselenium.testbase.TestBase - Clicked Customer_SearchedCustomer_Delete_Button_XPATH field
05-27-2021 14:44:30 [main] INFO  com.learningselenium.testbase.TestBase - Entered Prahakta in Customers_SearchCustomer_TextField_XPATH field
05-27-2021 14:44:40 [main] INFO  com.learningselenium.testbase.TestBase - Record Deleted Successfully!!!!!
05-27-2021 14:44:40 [main] INFO  com.learningselenium.testhelpers.CustomListeners - TestCase : test003_DeleteCustomerTest Passed.
05-27-2021 14:44:40 [main] INFO  com.learningselenium.testbase.TestBase - Closed all driver browser instances.
05-27-2021 14:44:40 [main] INFO  com.learningselenium.testbase.TestBase - Performing Post Test Activity
05-27-2021 14:44:40 [main] INFO  com.learningselenium.testbase.TestBase - Successfully closed MySQL Database Connection
