05-27-2021 18:25:10 [main] INFO  com.learningselenium.testbase.TestBase - Connected to MySQL Database
05-27-2021 18:25:10 [main] INFO  com.learningselenium.testbase.TestBase - Loaded TestConfig & Object Repository Properties File.
05-27-2021 18:25:11 [main] INFO  com.learningselenium.testbase.TestBase - WebDriver setup successfully completed.
05-27-2021 18:25:13 [main] INFO  com.learningselenium.testbase.TestBase - Navigated to http://www.way2automation.com/angularjs-protractor/banking/#/login url.
05-27-2021 18:25:13 [main] INFO  com.learningselenium.testbase.TestBase - Clicked BankManagerLogin_Button_XPATH field
05-27-2021 18:25:13 [main] INFO  com.learningselenium.testbase.TestBase - Clicked AddCustomer_MenuButton_XPATH field
05-27-2021 18:25:14 [main] INFO  com.learningselenium.testbase.TestBase - Entered Vinod in AddCustomer_FirstName_TextField_XPATH field
05-27-2021 18:25:14 [main] INFO  com.learningselenium.testbase.TestBase - Entered Mallah in AddCustomer_LastName_TextField_XPATH field
05-27-2021 18:25:14 [main] INFO  com.learningselenium.testbase.TestBase - Entered 400078 in AddCustomer_PostCode_TextField_XPATH field
05-27-2021 18:25:14 [main] INFO  com.learningselenium.testbase.TestBase - Clicked AddCustomer_Button_XPATH field
05-27-2021 18:25:14 [main] INFO  com.learningselenium.testbase.TestBase - Clicked Customer_MenuButton_XPATH field
05-27-2021 18:25:19 [main] INFO  com.learningselenium.testbase.TestBase - Added record : Vinod is present in Customers Table
05-27-2021 18:25:19 [main] INFO  com.learningselenium.testbase.TestBase - Account text for the record : Vinod is present in Customers Table
05-27-2021 18:25:19 [main] INFO  com.learningselenium.testhelpers.CustomListeners - TestCase : test001_AddCustomerTest failed.
05-27-2021 18:25:20 [main] INFO  com.learningselenium.testbase.TestBase - Closed all driver browser instances.
05-27-2021 18:25:21 [main] INFO  com.learningselenium.testbase.TestBase - WebDriver setup successfully completed.
05-27-2021 18:25:23 [main] INFO  com.learningselenium.testbase.TestBase - Navigated to http://www.way2automation.com/angularjs-protractor/banking/#/login url.
05-27-2021 18:25:23 [main] INFO  com.learningselenium.testbase.TestBase - Clicked BankManagerLogin_Button_XPATH field
05-27-2021 18:25:23 [main] INFO  com.learningselenium.testbase.TestBase - Clicked AddCustomer_MenuButton_XPATH field
05-27-2021 18:25:23 [main] INFO  com.learningselenium.testbase.TestBase - Entered Prahakta in AddCustomer_FirstName_TextField_XPATH field
05-27-2021 18:25:23 [main] INFO  com.learningselenium.testbase.TestBase - Entered Mallah in AddCustomer_LastName_TextField_XPATH field
05-27-2021 18:25:23 [main] INFO  com.learningselenium.testbase.TestBase - Entered 400104 in AddCustomer_PostCode_TextField_XPATH field
05-27-2021 18:25:23 [main] INFO  com.learningselenium.testbase.TestBase - Clicked AddCustomer_Button_XPATH field
05-27-2021 18:25:23 [main] INFO  com.learningselenium.testbase.TestBase - Clicked Customer_MenuButton_XPATH field
05-27-2021 18:25:29 [main] INFO  com.learningselenium.testbase.TestBase - Added record : Prahakta is present in Customers Table
05-27-2021 18:25:29 [main] INFO  com.learningselenium.testbase.TestBase - Account text for the record : Prahakta is present in Customers Table
05-27-2021 18:25:29 [main] INFO  com.learningselenium.testhelpers.CustomListeners - TestCase : test001_AddCustomerTest failed.
05-27-2021 18:25:30 [main] INFO  com.learningselenium.testbase.TestBase - Closed all driver browser instances.
05-27-2021 18:25:31 [main] INFO  com.learningselenium.testbase.TestBase - WebDriver setup successfully completed.
05-27-2021 18:25:33 [main] INFO  com.learningselenium.testbase.TestBase - Navigated to http://www.way2automation.com/angularjs-protractor/banking/#/login url.
05-27-2021 18:25:33 [main] INFO  com.learningselenium.testbase.TestBase - Clicked BankManagerLogin_Button_XPATH field
05-27-2021 18:25:33 [main] INFO  com.learningselenium.testbase.TestBase - Clicked AddCustomer_MenuButton_XPATH field
05-27-2021 18:25:34 [main] INFO  com.learningselenium.testbase.TestBase - Entered Vinod in AddCustomer_FirstName_TextField_XPATH field
05-27-2021 18:25:34 [main] INFO  com.learningselenium.testbase.TestBase - Entered Mallah in AddCustomer_LastName_TextField_XPATH field
05-27-2021 18:25:34 [main] INFO  com.learningselenium.testbase.TestBase - Entered 400078 in AddCustomer_PostCode_TextField_XPATH field
05-27-2021 18:25:34 [main] INFO  com.learningselenium.testbase.TestBase - Clicked AddCustomer_Button_XPATH field
05-27-2021 18:25:34 [main] INFO  com.learningselenium.testbase.TestBase - Clicked OpenAccount_MenuButton_XPATH field
05-27-2021 18:25:34 [main] INFO  com.learningselenium.testbase.TestBase - Selected Vinod Mallah in OpenAccount_Customer_Select_XPATH Select field
05-27-2021 18:25:34 [main] INFO  com.learningselenium.testbase.TestBase - Selected Pound in OpenAccount_Currency_Select_XPATH Select field
05-27-2021 18:25:34 [main] INFO  com.learningselenium.testbase.TestBase - Clicked OpenAccount_Process_Button_XPATH field
05-27-2021 18:25:34 [main] INFO  com.learningselenium.testbase.TestBase - Clicked Customer_MenuButton_XPATH field
05-27-2021 18:25:35 [main] INFO  com.learningselenium.testbase.TestBase - Added record : Vinod is present in Customers Table
05-27-2021 18:25:35 [main] INFO  com.learningselenium.testhelpers.CustomListeners - TestCase : test002_OpenAccountTest Passed.
05-27-2021 18:25:35 [main] INFO  com.learningselenium.testbase.TestBase - Closed all driver browser instances.
05-27-2021 18:25:37 [main] INFO  com.learningselenium.testbase.TestBase - WebDriver setup successfully completed.
05-27-2021 18:25:38 [main] INFO  com.learningselenium.testbase.TestBase - Navigated to http://www.way2automation.com/angularjs-protractor/banking/#/login url.
05-27-2021 18:25:38 [main] INFO  com.learningselenium.testbase.TestBase - Clicked BankManagerLogin_Button_XPATH field
05-27-2021 18:25:39 [main] INFO  com.learningselenium.testbase.TestBase - Clicked AddCustomer_MenuButton_XPATH field
05-27-2021 18:25:39 [main] INFO  com.learningselenium.testbase.TestBase - Entered Prahakta in AddCustomer_FirstName_TextField_XPATH field
05-27-2021 18:25:39 [main] INFO  com.learningselenium.testbase.TestBase - Entered Mallah in AddCustomer_LastName_TextField_XPATH field
05-27-2021 18:25:39 [main] INFO  com.learningselenium.testbase.TestBase - Entered 400104 in AddCustomer_PostCode_TextField_XPATH field
05-27-2021 18:25:39 [main] INFO  com.learningselenium.testbase.TestBase - Clicked AddCustomer_Button_XPATH field
05-27-2021 18:25:39 [main] INFO  com.learningselenium.testbase.TestBase - Clicked OpenAccount_MenuButton_XPATH field
05-27-2021 18:25:39 [main] INFO  com.learningselenium.testbase.TestBase - Selected Prahakta Mallah in OpenAccount_Customer_Select_XPATH Select field
05-27-2021 18:25:39 [main] INFO  com.learningselenium.testbase.TestBase - Selected Pound in OpenAccount_Currency_Select_XPATH Select field
05-27-2021 18:25:40 [main] INFO  com.learningselenium.testbase.TestBase - Clicked OpenAccount_Process_Button_XPATH field
05-27-2021 18:25:40 [main] INFO  com.learningselenium.testbase.TestBase - Clicked Customer_MenuButton_XPATH field
05-27-2021 18:25:40 [main] INFO  com.learningselenium.testbase.TestBase - Added record : Prahakta is present in Customers Table
05-27-2021 18:25:40 [main] INFO  com.learningselenium.testhelpers.CustomListeners - TestCase : test002_OpenAccountTest Passed.
05-27-2021 18:25:40 [main] INFO  com.learningselenium.testbase.TestBase - Closed all driver browser instances.
05-27-2021 18:25:42 [main] INFO  com.learningselenium.testbase.TestBase - WebDriver setup successfully completed.
05-27-2021 18:25:42 [main] INFO  com.learningselenium.testbase.TestBase - Navigated to http://www.way2automation.com/angularjs-protractor/banking/#/login url.
05-27-2021 18:25:42 [main] INFO  com.learningselenium.testbase.TestBase - Clicked BankManagerLogin_Button_XPATH field
05-27-2021 18:25:43 [main] INFO  com.learningselenium.testbase.TestBase - Clicked AddCustomer_MenuButton_XPATH field
05-27-2021 18:25:43 [main] INFO  com.learningselenium.testbase.TestBase - Entered Vinod in AddCustomer_FirstName_TextField_XPATH field
05-27-2021 18:25:43 [main] INFO  com.learningselenium.testbase.TestBase - Entered Mallah in AddCustomer_LastName_TextField_XPATH field
05-27-2021 18:25:43 [main] INFO  com.learningselenium.testbase.TestBase - Entered 400078 in AddCustomer_PostCode_TextField_XPATH field
05-27-2021 18:25:43 [main] INFO  com.learningselenium.testbase.TestBase - Clicked AddCustomer_Button_XPATH field
05-27-2021 18:25:43 [main] INFO  com.learningselenium.testbase.TestBase - Clicked OpenAccount_MenuButton_XPATH field
05-27-2021 18:25:43 [main] INFO  com.learningselenium.testbase.TestBase - Selected Vinod Mallah in OpenAccount_Customer_Select_XPATH Select field
05-27-2021 18:25:43 [main] INFO  com.learningselenium.testbase.TestBase - Selected Pound in OpenAccount_Currency_Select_XPATH Select field
05-27-2021 18:25:43 [main] INFO  com.learningselenium.testbase.TestBase - Clicked OpenAccount_Process_Button_XPATH field
05-27-2021 18:25:43 [main] INFO  com.learningselenium.testbase.TestBase - Clicked Customer_MenuButton_XPATH field
05-27-2021 18:25:44 [main] INFO  com.learningselenium.testbase.TestBase - Added record : Vinod is present in Customers Table
05-27-2021 18:25:44 [main] INFO  com.learningselenium.testbase.TestBase - Account text for the record : Vinod is present in Customers Table
05-27-2021 18:25:44 [main] INFO  com.learningselenium.testbase.TestBase - Entered Vinod in Customers_SearchCustomer_TextField_XPATH field
05-27-2021 18:25:44 [main] INFO  com.learningselenium.testbase.TestBase - Clicked Customer_SearchedCustomer_Delete_Button_XPATH field
05-27-2021 18:25:44 [main] INFO  com.learningselenium.testbase.TestBase - Entered Vinod in Customers_SearchCustomer_TextField_XPATH field
05-27-2021 18:25:54 [main] INFO  com.learningselenium.testbase.TestBase - Record Deleted Successfully!!!!!
05-27-2021 18:25:54 [main] INFO  com.learningselenium.testhelpers.CustomListeners - TestCase : test003_DeleteCustomerTest Passed.
05-27-2021 18:25:55 [main] INFO  com.learningselenium.testbase.TestBase - Closed all driver browser instances.
05-27-2021 18:25:56 [main] INFO  com.learningselenium.testbase.TestBase - WebDriver setup successfully completed.
05-27-2021 18:25:57 [main] INFO  com.learningselenium.testbase.TestBase - Navigated to http://www.way2automation.com/angularjs-protractor/banking/#/login url.
05-27-2021 18:25:57 [main] INFO  com.learningselenium.testbase.TestBase - Clicked BankManagerLogin_Button_XPATH field
05-27-2021 18:25:57 [main] INFO  com.learningselenium.testbase.TestBase - Clicked AddCustomer_MenuButton_XPATH field
05-27-2021 18:25:58 [main] INFO  com.learningselenium.testbase.TestBase - Entered Prahakta in AddCustomer_FirstName_TextField_XPATH field
05-27-2021 18:25:58 [main] INFO  com.learningselenium.testbase.TestBase - Entered Mallah in AddCustomer_LastName_TextField_XPATH field
05-27-2021 18:25:58 [main] INFO  com.learningselenium.testbase.TestBase - Entered 400104 in AddCustomer_PostCode_TextField_XPATH field
05-27-2021 18:25:58 [main] INFO  com.learningselenium.testbase.TestBase - Clicked AddCustomer_Button_XPATH field
05-27-2021 18:25:58 [main] INFO  com.learningselenium.testbase.TestBase - Clicked OpenAccount_MenuButton_XPATH field
05-27-2021 18:25:58 [main] INFO  com.learningselenium.testbase.TestBase - Selected Prahakta Mallah in OpenAccount_Customer_Select_XPATH Select field
05-27-2021 18:25:58 [main] INFO  com.learningselenium.testbase.TestBase - Selected Pound in OpenAccount_Currency_Select_XPATH Select field
05-27-2021 18:25:59 [main] INFO  com.learningselenium.testbase.TestBase - Clicked OpenAccount_Process_Button_XPATH field
05-27-2021 18:25:59 [main] INFO  com.learningselenium.testbase.TestBase - Clicked Customer_MenuButton_XPATH field
05-27-2021 18:25:59 [main] INFO  com.learningselenium.testbase.TestBase - Added record : Prahakta is present in Customers Table
05-27-2021 18:25:59 [main] INFO  com.learningselenium.testbase.TestBase - Account text for the record : Prahakta is present in Customers Table
05-27-2021 18:25:59 [main] INFO  com.learningselenium.testbase.TestBase - Entered Prahakta in Customers_SearchCustomer_TextField_XPATH field
05-27-2021 18:25:59 [main] INFO  com.learningselenium.testbase.TestBase - Clicked Customer_SearchedCustomer_Delete_Button_XPATH field
05-27-2021 18:25:59 [main] INFO  com.learningselenium.testbase.TestBase - Entered Prahakta in Customers_SearchCustomer_TextField_XPATH field
