05-28-2021 19:51:34 [main] INFO  com.learningselenium.testbase.TestBase - Connected to MySQL Database
05-28-2021 19:51:34 [main] INFO  com.learningselenium.testbase.TestBase - Loaded TestConfig & Object Repository Properties File.
05-28-2021 19:51:36 [main] INFO  com.learningselenium.testbase.TestBase - WebDriver setup successfully completed.
05-28-2021 19:51:37 [main] INFO  com.learningselenium.testbase.TestBase - Navigated to http://www.way2automation.com/angularjs-protractor/banking/#/login url.
05-28-2021 19:51:37 [main] INFO  com.learningselenium.testbase.TestBase - Clicked BankManagerLogin_Button_XPATH field
05-28-2021 19:51:37 [main] INFO  com.learningselenium.testbase.TestBase - Clicked AddCustomer_MenuButton_XPATH field
05-28-2021 19:51:37 [main] INFO  com.learningselenium.testbase.TestBase - Entered Vinod in AddCustomer_FirstName_TextField_XPATH field
05-28-2021 19:51:37 [main] INFO  com.learningselenium.testbase.TestBase - Entered Mallah in AddCustomer_LastName_TextField_XPATH field
05-28-2021 19:51:37 [main] INFO  com.learningselenium.testbase.TestBase - Entered 400078 in AddCustomer_PostCode_TextField_XPATH field
05-28-2021 19:51:37 [main] INFO  com.learningselenium.testbase.TestBase - Clicked AddCustomer_Button_XPATH field
05-28-2021 19:51:37 [main] INFO  com.learningselenium.testbase.TestBase - Clicked Customer_MenuButton_XPATH field
05-28-2021 19:51:42 [main] INFO  com.learningselenium.testbase.TestBase - Added record : Vinod is present in Customers Table
05-28-2021 19:51:42 [main] INFO  com.learningselenium.testbase.TestBase - Account text for the record : Vinod is present in Customers Table
05-28-2021 19:51:42 [main] INFO  com.learningselenium.testhelpers.CustomListeners - TestCase : test001_AddCustomerTest skipped.
05-28-2021 19:51:43 [main] INFO  com.learningselenium.testbase.TestBase - Closed all driver browser instances.
05-28-2021 19:51:44 [main] INFO  com.learningselenium.testbase.TestBase - WebDriver setup successfully completed.
05-28-2021 19:51:45 [main] INFO  com.learningselenium.testbase.TestBase - Navigated to http://www.way2automation.com/angularjs-protractor/banking/#/login url.
05-28-2021 19:51:45 [main] INFO  com.learningselenium.testhelpers.CustomListeners - TestCase : test001_AddCustomerTest skipped.
05-28-2021 19:51:46 [main] INFO  com.learningselenium.testbase.TestBase - Closed all driver browser instances.
05-28-2021 19:51:47 [main] INFO  com.learningselenium.testbase.TestBase - WebDriver setup successfully completed.
05-28-2021 19:51:47 [main] INFO  com.learningselenium.testbase.TestBase - Navigated to http://www.way2automation.com/angularjs-protractor/banking/#/login url.
05-28-2021 19:51:47 [main] INFO  com.learningselenium.testhelpers.CustomListeners - TestCase : test001_AddCustomerTest skipped.
05-28-2021 19:51:48 [main] INFO  com.learningselenium.testbase.TestBase - Closed all driver browser instances.
05-28-2021 19:51:49 [main] INFO  com.learningselenium.testbase.TestBase - WebDriver setup successfully completed.
05-28-2021 19:51:50 [main] INFO  com.learningselenium.testbase.TestBase - Navigated to http://www.way2automation.com/angularjs-protractor/banking/#/login url.
05-28-2021 19:51:50 [main] INFO  com.learningselenium.testhelpers.CustomListeners - TestCase : test001_AddCustomerTest failed.
05-28-2021 19:51:51 [main] INFO  com.learningselenium.testbase.TestBase - Closed all driver browser instances.
05-28-2021 19:51:52 [main] INFO  com.learningselenium.testbase.TestBase - WebDriver setup successfully completed.
05-28-2021 19:51:52 [main] INFO  com.learningselenium.testbase.TestBase - Navigated to http://www.way2automation.com/angularjs-protractor/banking/#/login url.
05-28-2021 19:51:52 [main] INFO  com.learningselenium.testbase.TestBase - Clicked BankManagerLogin_Button_XPATH field
05-28-2021 19:51:52 [main] INFO  com.learningselenium.testbase.TestBase - Clicked AddCustomer_MenuButton_XPATH field
05-28-2021 19:51:53 [main] INFO  com.learningselenium.testbase.TestBase - Entered  in AddCustomer_FirstName_TextField_XPATH field
05-28-2021 19:51:53 [main] INFO  com.learningselenium.testbase.TestBase - Entered  in AddCustomer_LastName_TextField_XPATH field
05-28-2021 19:51:53 [main] INFO  com.learningselenium.testbase.TestBase - Entered  in AddCustomer_PostCode_TextField_XPATH field
05-28-2021 19:51:53 [main] INFO  com.learningselenium.testbase.TestBase - Clicked AddCustomer_Button_XPATH field
05-28-2021 19:51:53 [main] INFO  com.learningselenium.testhelpers.CustomListeners - TestCase : test001_AddCustomerTest skipped.
05-28-2021 19:51:54 [main] INFO  com.learningselenium.testbase.TestBase - Closed all driver browser instances.
05-28-2021 19:51:55 [main] INFO  com.learningselenium.testbase.TestBase - WebDriver setup successfully completed.
05-28-2021 19:51:55 [main] INFO  com.learningselenium.testbase.TestBase - Navigated to http://www.way2automation.com/angularjs-protractor/banking/#/login url.
05-28-2021 19:51:55 [main] INFO  com.learningselenium.testhelpers.CustomListeners - TestCase : test001_AddCustomerTest skipped.
05-28-2021 19:51:56 [main] INFO  com.learningselenium.testbase.TestBase - Closed all driver browser instances.
05-28-2021 19:51:57 [main] INFO  com.learningselenium.testbase.TestBase - WebDriver setup successfully completed.
05-28-2021 19:51:58 [main] INFO  com.learningselenium.testbase.TestBase - Navigated to http://www.way2automation.com/angularjs-protractor/banking/#/login url.
05-28-2021 19:51:58 [main] INFO  com.learningselenium.testhelpers.CustomListeners - TestCase : test001_AddCustomerTest skipped.
05-28-2021 19:51:59 [main] INFO  com.learningselenium.testbase.TestBase - Closed all driver browser instances.
