05-28-2021 00:43:01 [main] INFO  com.learningselenium.testbase.TestBase - Navigated to http://www.way2automation.com/angularjs-protractor/banking/#/login url.
05-28-2021 00:43:01 [main] INFO  com.learningselenium.testbase.TestBase - Clicked BankManagerLogin_Button_XPATH field
05-28-2021 00:43:02 [main] INFO  com.learningselenium.testbase.TestBase - Clicked AddCustomer_MenuButton_XPATH field
05-28-2021 00:43:02 [main] INFO  com.learningselenium.testbase.TestBase - Entered Prahakta in AddCustomer_FirstName_TextField_XPATH field
05-28-2021 00:43:02 [main] INFO  com.learningselenium.testbase.TestBase - Entered Mallah in AddCustomer_LastName_TextField_XPATH field
05-28-2021 00:43:02 [main] INFO  com.learningselenium.testbase.TestBase - Entered 400104 in AddCustomer_PostCode_TextField_XPATH field
05-28-2021 00:43:02 [main] INFO  com.learningselenium.testbase.TestBase - Clicked AddCustomer_Button_XPATH field
05-28-2021 00:43:02 [main] INFO  com.learningselenium.testbase.TestBase - Clicked Customer_MenuButton_XPATH field
05-28-2021 00:43:08 [main] INFO  com.learningselenium.testbase.TestBase - Added record : Prahakta is present in Customers Table
05-28-2021 00:43:08 [main] INFO  com.learningselenium.testbase.TestBase - Account text for the record : Prahakta is present in Customers Table
05-28-2021 00:43:08 [main] INFO  com.learningselenium.testhelpers.CustomListeners - TestCase : test001_AddCustomerTest failed.
05-28-2021 00:43:09 [main] INFO  com.learningselenium.testbase.TestBase - Closed all driver browser instances.
05-28-2021 00:43:10 [main] INFO  com.learningselenium.testbase.TestBase - WebDriver setup successfully completed.
05-28-2021 00:43:18 [main] INFO  com.learningselenium.testbase.TestBase - Navigated to http://www.way2automation.com/angularjs-protractor/banking/#/login url.
05-28-2021 00:43:18 [main] INFO  com.learningselenium.testbase.TestBase - Clicked BankManagerLogin_Button_XPATH field
05-28-2021 00:43:18 [main] INFO  com.learningselenium.testbase.TestBase - Clicked AddCustomer_MenuButton_XPATH field
05-28-2021 00:43:18 [main] INFO  com.learningselenium.testbase.TestBase - Entered Vinod in AddCustomer_FirstName_TextField_XPATH field
05-28-2021 00:43:18 [main] INFO  com.learningselenium.testbase.TestBase - Entered Mallah in AddCustomer_LastName_TextField_XPATH field
05-28-2021 00:43:18 [main] INFO  com.learningselenium.testbase.TestBase - Entered 400078 in AddCustomer_PostCode_TextField_XPATH field
05-28-2021 00:43:18 [main] INFO  com.learningselenium.testbase.TestBase - Clicked AddCustomer_Button_XPATH field
05-28-2021 00:43:18 [main] INFO  com.learningselenium.testbase.TestBase - Clicked OpenAccount_MenuButton_XPATH field
05-28-2021 00:43:19 [main] INFO  com.learningselenium.testbase.TestBase - Selected Vinod Mallah in OpenAccount_Customer_Select_XPATH Select field
05-28-2021 00:43:19 [main] INFO  com.learningselenium.testbase.TestBase - Selected Pound in OpenAccount_Currency_Select_XPATH Select field
05-28-2021 00:43:19 [main] INFO  com.learningselenium.testbase.TestBase - Clicked OpenAccount_Process_Button_XPATH field
05-28-2021 00:43:19 [main] INFO  com.learningselenium.testbase.TestBase - Clicked Customer_MenuButton_XPATH field
05-28-2021 00:43:19 [main] INFO  com.learningselenium.testbase.TestBase - Added record : Vinod is present in Customers Table
05-28-2021 00:43:19 [main] INFO  com.learningselenium.testhelpers.CustomListeners - TestCase : test002_OpenAccountTest Passed.
05-28-2021 00:43:20 [main] INFO  com.learningselenium.testbase.TestBase - Closed all driver browser instances.
05-28-2021 00:43:21 [main] INFO  com.learningselenium.testbase.TestBase - WebDriver setup successfully completed.
05-28-2021 00:43:22 [main] INFO  com.learningselenium.testbase.TestBase - Navigated to http://www.way2automation.com/angularjs-protractor/banking/#/login url.
05-28-2021 00:43:23 [main] INFO  com.learningselenium.testbase.TestBase - Clicked BankManagerLogin_Button_XPATH field
05-28-2021 00:43:23 [main] INFO  com.learningselenium.testbase.TestBase - Clicked AddCustomer_MenuButton_XPATH field
05-28-2021 00:43:23 [main] INFO  com.learningselenium.testbase.TestBase - Entered Prahakta in AddCustomer_FirstName_TextField_XPATH field
05-28-2021 00:43:23 [main] INFO  com.learningselenium.testbase.TestBase - Entered Mallah in AddCustomer_LastName_TextField_XPATH field
05-28-2021 00:43:23 [main] INFO  com.learningselenium.testbase.TestBase - Entered 400104 in AddCustomer_PostCode_TextField_XPATH field
05-28-2021 00:43:23 [main] INFO  com.learningselenium.testbase.TestBase - Clicked AddCustomer_Button_XPATH field
05-28-2021 00:43:23 [main] INFO  com.learningselenium.testbase.TestBase - Clicked OpenAccount_MenuButton_XPATH field
05-28-2021 00:43:24 [main] INFO  com.learningselenium.testbase.TestBase - Selected Prahakta Mallah in OpenAccount_Customer_Select_XPATH Select field
05-28-2021 00:43:24 [main] INFO  com.learningselenium.testbase.TestBase - Selected Pound in OpenAccount_Currency_Select_XPATH Select field
05-28-2021 00:43:24 [main] INFO  com.learningselenium.testbase.TestBase - Clicked OpenAccount_Process_Button_XPATH field
05-28-2021 00:43:24 [main] INFO  com.learningselenium.testbase.TestBase - Clicked Customer_MenuButton_XPATH field
05-28-2021 00:43:24 [main] INFO  com.learningselenium.testbase.TestBase - Added record : Prahakta is present in Customers Table
05-28-2021 00:43:24 [main] INFO  com.learningselenium.testhelpers.CustomListeners - TestCase : test002_OpenAccountTest Passed.
05-28-2021 00:43:25 [main] INFO  com.learningselenium.testbase.TestBase - Closed all driver browser instances.
05-28-2021 00:43:26 [main] INFO  com.learningselenium.testbase.TestBase - WebDriver setup successfully completed.
05-28-2021 00:43:29 [main] INFO  com.learningselenium.testbase.TestBase - Navigated to http://www.way2automation.com/angularjs-protractor/banking/#/login url.
05-28-2021 00:43:29 [main] INFO  com.learningselenium.testbase.TestBase - Clicked BankManagerLogin_Button_XPATH field
05-28-2021 00:43:30 [main] INFO  com.learningselenium.testbase.TestBase - Clicked AddCustomer_MenuButton_XPATH field
05-28-2021 00:43:30 [main] INFO  com.learningselenium.testbase.TestBase - Entered Vinod in AddCustomer_FirstName_TextField_XPATH field
05-28-2021 00:43:30 [main] INFO  com.learningselenium.testbase.TestBase - Entered Mallah in AddCustomer_LastName_TextField_XPATH field
05-28-2021 00:43:30 [main] INFO  com.learningselenium.testbase.TestBase - Entered 400078 in AddCustomer_PostCode_TextField_XPATH field
05-28-2021 00:43:30 [main] INFO  com.learningselenium.testbase.TestBase - Clicked AddCustomer_Button_XPATH field
05-28-2021 00:43:30 [main] INFO  com.learningselenium.testbase.TestBase - Clicked OpenAccount_MenuButton_XPATH field
05-28-2021 00:43:31 [main] INFO  com.learningselenium.testbase.TestBase - Selected Vinod Mallah in OpenAccount_Customer_Select_XPATH Select field
05-28-2021 00:43:31 [main] INFO  com.learningselenium.testbase.TestBase - Selected Pound in OpenAccount_Currency_Select_XPATH Select field
05-28-2021 00:43:31 [main] INFO  com.learningselenium.testbase.TestBase - Clicked OpenAccount_Process_Button_XPATH field
05-28-2021 00:43:31 [main] INFO  com.learningselenium.testbase.TestBase - Clicked Customer_MenuButton_XPATH field
05-28-2021 00:43:31 [main] INFO  com.learningselenium.testbase.TestBase - Added record : Vinod is present in Customers Table
05-28-2021 00:43:31 [main] INFO  com.learningselenium.testbase.TestBase - Account text for the record : Vinod is present in Customers Table
05-28-2021 00:43:31 [main] INFO  com.learningselenium.testbase.TestBase - Entered Vinod in Customers_SearchCustomer_TextField_XPATH field
05-28-2021 00:43:31 [main] INFO  com.learningselenium.testbase.TestBase - Clicked Customer_SearchedCustomer_Delete_Button_XPATH field
05-28-2021 00:43:31 [main] INFO  com.learningselenium.testbase.TestBase - Entered Vinod in Customers_SearchCustomer_TextField_XPATH field
05-28-2021 00:43:42 [main] INFO  com.learningselenium.testbase.TestBase - Record Deleted Successfully!!!!!
05-28-2021 00:43:42 [main] INFO  com.learningselenium.testhelpers.CustomListeners - TestCase : test003_DeleteCustomerTest Passed.
05-28-2021 00:43:42 [main] INFO  com.learningselenium.testbase.TestBase - Closed all driver browser instances.
05-28-2021 00:43:44 [main] INFO  com.learningselenium.testbase.TestBase - WebDriver setup successfully completed.
05-28-2021 00:43:46 [main] INFO  com.learningselenium.testbase.TestBase - Navigated to http://www.way2automation.com/angularjs-protractor/banking/#/login url.
05-28-2021 00:43:46 [main] INFO  com.learningselenium.testbase.TestBase - Clicked BankManagerLogin_Button_XPATH field
05-28-2021 00:43:47 [main] INFO  com.learningselenium.testbase.TestBase - Clicked AddCustomer_MenuButton_XPATH field
05-28-2021 00:43:47 [main] INFO  com.learningselenium.testbase.TestBase - Entered Prahakta in AddCustomer_FirstName_TextField_XPATH field
05-28-2021 00:43:47 [main] INFO  com.learningselenium.testbase.TestBase - Entered Mallah in AddCustomer_LastName_TextField_XPATH field
05-28-2021 00:43:47 [main] INFO  com.learningselenium.testbase.TestBase - Entered 400104 in AddCustomer_PostCode_TextField_XPATH field
05-28-2021 00:43:48 [main] INFO  com.learningselenium.testbase.TestBase - Clicked AddCustomer_Button_XPATH field
05-28-2021 00:43:48 [main] INFO  com.learningselenium.testbase.TestBase - Clicked OpenAccount_MenuButton_XPATH field
05-28-2021 00:43:48 [main] INFO  com.learningselenium.testbase.TestBase - Selected Prahakta Mallah in OpenAccount_Customer_Select_XPATH Select field
05-28-2021 00:43:48 [main] INFO  com.learningselenium.testbase.TestBase - Selected Pound in OpenAccount_Currency_Select_XPATH Select field
05-28-2021 00:43:48 [main] INFO  com.learningselenium.testbase.TestBase - Clicked OpenAccount_Process_Button_XPATH field
05-28-2021 00:43:48 [main] INFO  com.learningselenium.testbase.TestBase - Clicked Customer_MenuButton_XPATH field
05-28-2021 00:43:49 [main] INFO  com.learningselenium.testbase.TestBase - Added record : Prahakta is present in Customers Table
05-28-2021 00:43:49 [main] INFO  com.learningselenium.testbase.TestBase - Account text for the record : Prahakta is present in Customers Table
05-28-2021 00:43:49 [main] INFO  com.learningselenium.testbase.TestBase - Entered Prahakta in Customers_SearchCustomer_TextField_XPATH field
05-28-2021 00:43:49 [main] INFO  com.learningselenium.testbase.TestBase - Clicked Customer_SearchedCustomer_Delete_Button_XPATH field
05-28-2021 00:43:49 [main] INFO  com.learningselenium.testbase.TestBase - Entered Prahakta in Customers_SearchCustomer_TextField_XPATH field
05-28-2021 00:43:59 [main] INFO  com.learningselenium.testbase.TestBase - Record Deleted Successfully!!!!!
05-28-2021 00:43:59 [main] INFO  com.learningselenium.testhelpers.CustomListeners - TestCase : test003_DeleteCustomerTest Passed.
