05-28-2021 19:41:27 [main] INFO  com.learningselenium.testbase.TestBase - Connected to MySQL Database
05-28-2021 19:41:27 [main] INFO  com.learningselenium.testbase.TestBase - Loaded TestConfig & Object Repository Properties File.
05-28-2021 19:41:32 [main] INFO  com.learningselenium.testbase.TestBase - WebDriver setup successfully completed.
05-28-2021 19:41:35 [main] INFO  com.learningselenium.testhelpers.CustomListeners - TestCase : test001_AddCustomerTest skipped.
05-28-2021 19:41:36 [main] INFO  com.learningselenium.testbase.TestBase - Closed all driver browser instances.
05-28-2021 19:41:37 [main] INFO  com.learningselenium.testbase.TestBase - WebDriver setup successfully completed.
05-28-2021 19:41:37 [main] INFO  com.learningselenium.testhelpers.CustomListeners - TestCase : test001_AddCustomerTest skipped.
05-28-2021 19:41:38 [main] INFO  com.learningselenium.testbase.TestBase - Closed all driver browser instances.
05-28-2021 19:41:39 [main] INFO  com.learningselenium.testbase.TestBase - WebDriver setup successfully completed.
05-28-2021 19:41:41 [main] INFO  com.learningselenium.testbase.TestBase - Navigated to http://www.way2automation.com/angularjs-protractor/banking/#/login url.
05-28-2021 19:41:41 [main] INFO  com.learningselenium.testhelpers.CustomListeners - TestCase : test002_OpenAccountTest skipped.
05-28-2021 19:41:42 [main] INFO  com.learningselenium.testbase.TestBase - Closed all driver browser instances.
05-28-2021 19:41:43 [main] INFO  com.learningselenium.testbase.TestBase - WebDriver setup successfully completed.
05-28-2021 19:41:44 [main] INFO  com.learningselenium.testbase.TestBase - Navigated to http://www.way2automation.com/angularjs-protractor/banking/#/login url.
05-28-2021 19:41:44 [main] INFO  com.learningselenium.testhelpers.CustomListeners - TestCase : test002_OpenAccountTest skipped.
05-28-2021 19:41:44 [main] INFO  com.learningselenium.testbase.TestBase - Closed all driver browser instances.
05-28-2021 19:41:45 [main] INFO  com.learningselenium.testbase.TestBase - WebDriver setup successfully completed.
05-28-2021 19:41:46 [main] INFO  com.learningselenium.testbase.TestBase - Navigated to http://www.way2automation.com/angularjs-protractor/banking/#/login url.
05-28-2021 19:41:46 [main] INFO  com.learningselenium.testhelpers.CustomListeners - TestCase : test003_DeleteCustomerTest skipped.
05-28-2021 19:41:47 [main] INFO  com.learningselenium.testbase.TestBase - Closed all driver browser instances.
05-28-2021 19:41:48 [main] INFO  com.learningselenium.testbase.TestBase - WebDriver setup successfully completed.
05-28-2021 19:41:48 [main] INFO  com.learningselenium.testbase.TestBase - Navigated to http://www.way2automation.com/angularjs-protractor/banking/#/login url.
05-28-2021 19:41:48 [main] INFO  com.learningselenium.testhelpers.CustomListeners - TestCase : test003_DeleteCustomerTest skipped.
05-28-2021 19:41:49 [main] INFO  com.learningselenium.testbase.TestBase - Closed all driver browser instances.
05-28-2021 19:41:49 [main] INFO  com.learningselenium.testbase.TestBase - Performing Post Test Activity
05-28-2021 19:41:49 [main] INFO  com.learningselenium.testbase.TestBase - Successfully closed MySQL Database Connection
