05-28-2021 01:07:16 [main] INFO  com.learningselenium.testbase.TestBase - Connected to MySQL Database
05-28-2021 01:07:16 [main] INFO  com.learningselenium.testbase.TestBase - Loaded TestConfig & Object Repository Properties File.
05-28-2021 01:07:18 [main] INFO  com.learningselenium.testbase.TestBase - WebDriver setup successfully completed.
05-28-2021 01:07:20 [main] INFO  com.learningselenium.testbase.TestBase - Navigated to http://www.way2automation.com/angularjs-protractor/banking/#/login url.
05-28-2021 01:07:20 [main] INFO  com.learningselenium.testbase.TestBase - Clicked BankManagerLogin_Button_XPATH field
05-28-2021 01:07:21 [main] INFO  com.learningselenium.testbase.TestBase - Clicked AddCustomer_MenuButton_XPATH field
05-28-2021 01:07:21 [main] INFO  com.learningselenium.testbase.TestBase - Entered Vinod in AddCustomer_FirstName_TextField_XPATH field
05-28-2021 01:07:21 [main] INFO  com.learningselenium.testbase.TestBase - Entered Mallah in AddCustomer_LastName_TextField_XPATH field
05-28-2021 01:07:21 [main] INFO  com.learningselenium.testbase.TestBase - Entered 400078 in AddCustomer_PostCode_TextField_XPATH field
05-28-2021 01:07:21 [main] INFO  com.learningselenium.testbase.TestBase - Clicked AddCustomer_Button_XPATH field
05-28-2021 01:07:21 [main] INFO  com.learningselenium.testbase.TestBase - Clicked Customer_MenuButton_XPATH field
05-28-2021 01:07:26 [main] INFO  com.learningselenium.testbase.TestBase - Added record : Vinod is present in Customers Table
05-28-2021 01:07:26 [main] INFO  com.learningselenium.testbase.TestBase - Account text for the record : Vinod is present in Customers Table
05-28-2021 01:07:26 [main] INFO  com.learningselenium.testhelpers.CustomListeners - TestCase : test001_AddCustomerTest failed.
05-28-2021 01:07:27 [main] INFO  com.learningselenium.testbase.TestBase - Closed all driver browser instances.
05-28-2021 01:07:29 [main] INFO  com.learningselenium.testbase.TestBase - WebDriver setup successfully completed.
05-28-2021 01:07:31 [main] INFO  com.learningselenium.testbase.TestBase - Navigated to http://www.way2automation.com/angularjs-protractor/banking/#/login url.
05-28-2021 01:07:31 [main] INFO  com.learningselenium.testbase.TestBase - Clicked BankManagerLogin_Button_XPATH field
05-28-2021 01:07:32 [main] INFO  com.learningselenium.testbase.TestBase - Clicked AddCustomer_MenuButton_XPATH field
05-28-2021 01:07:32 [main] INFO  com.learningselenium.testbase.TestBase - Entered Prahakta in AddCustomer_FirstName_TextField_XPATH field
05-28-2021 01:07:32 [main] INFO  com.learningselenium.testbase.TestBase - Entered Mallah in AddCustomer_LastName_TextField_XPATH field
05-28-2021 01:07:32 [main] INFO  com.learningselenium.testbase.TestBase - Entered 400104 in AddCustomer_PostCode_TextField_XPATH field
05-28-2021 01:07:32 [main] INFO  com.learningselenium.testbase.TestBase - Clicked AddCustomer_Button_XPATH field
05-28-2021 01:07:32 [main] INFO  com.learningselenium.testbase.TestBase - Clicked Customer_MenuButton_XPATH field
05-28-2021 01:07:38 [main] INFO  com.learningselenium.testbase.TestBase - Added record : Prahakta is present in Customers Table
05-28-2021 01:07:38 [main] INFO  com.learningselenium.testbase.TestBase - Account text for the record : Prahakta is present in Customers Table
05-28-2021 01:07:38 [main] INFO  com.learningselenium.testhelpers.CustomListeners - TestCase : test001_AddCustomerTest failed.
05-28-2021 01:07:39 [main] INFO  com.learningselenium.testbase.TestBase - Closed all driver browser instances.
05-28-2021 01:07:40 [main] INFO  com.learningselenium.testbase.TestBase - WebDriver setup successfully completed.
05-28-2021 01:07:41 [main] INFO  com.learningselenium.testbase.TestBase - Navigated to http://www.way2automation.com/angularjs-protractor/banking/#/login url.
05-28-2021 01:07:41 [main] INFO  com.learningselenium.testbase.TestBase - Clicked BankManagerLogin_Button_XPATH field
05-28-2021 01:07:42 [main] INFO  com.learningselenium.testbase.TestBase - Clicked AddCustomer_MenuButton_XPATH field
05-28-2021 01:07:42 [main] INFO  com.learningselenium.testbase.TestBase - Entered Vinod in AddCustomer_FirstName_TextField_XPATH field
05-28-2021 01:07:42 [main] INFO  com.learningselenium.testbase.TestBase - Entered Mallah in AddCustomer_LastName_TextField_XPATH field
05-28-2021 01:07:42 [main] INFO  com.learningselenium.testbase.TestBase - Entered 400078 in AddCustomer_PostCode_TextField_XPATH field
05-28-2021 01:07:42 [main] INFO  com.learningselenium.testbase.TestBase - Clicked AddCustomer_Button_XPATH field
05-28-2021 01:07:42 [main] INFO  com.learningselenium.testbase.TestBase - Clicked OpenAccount_MenuButton_XPATH field
05-28-2021 01:07:43 [main] INFO  com.learningselenium.testbase.TestBase - Selected Vinod Mallah in OpenAccount_Customer_Select_XPATH Select field
05-28-2021 01:07:43 [main] INFO  com.learningselenium.testbase.TestBase - Selected Pound in OpenAccount_Currency_Select_XPATH Select field
05-28-2021 01:07:43 [main] INFO  com.learningselenium.testbase.TestBase - Clicked OpenAccount_Process_Button_XPATH field
05-28-2021 01:07:43 [main] INFO  com.learningselenium.testbase.TestBase - Clicked Customer_MenuButton_XPATH field
05-28-2021 01:07:43 [main] INFO  com.learningselenium.testbase.TestBase - Added record : Vinod is present in Customers Table
05-28-2021 01:07:43 [main] INFO  com.learningselenium.testhelpers.CustomListeners - TestCase : test002_OpenAccountTest Passed.
05-28-2021 01:07:44 [main] INFO  com.learningselenium.testbase.TestBase - Closed all driver browser instances.
05-28-2021 01:07:45 [main] INFO  com.learningselenium.testbase.TestBase - WebDriver setup successfully completed.
05-28-2021 01:07:47 [main] INFO  com.learningselenium.testbase.TestBase - Navigated to http://www.way2automation.com/angularjs-protractor/banking/#/login url.
05-28-2021 01:07:47 [main] INFO  com.learningselenium.testbase.TestBase - Clicked BankManagerLogin_Button_XPATH field
05-28-2021 01:07:47 [main] INFO  com.learningselenium.testbase.TestBase - Clicked AddCustomer_MenuButton_XPATH field
05-28-2021 01:07:48 [main] INFO  com.learningselenium.testbase.TestBase - Entered Prahakta in AddCustomer_FirstName_TextField_XPATH field
05-28-2021 01:07:48 [main] INFO  com.learningselenium.testbase.TestBase - Entered Mallah in AddCustomer_LastName_TextField_XPATH field
05-28-2021 01:07:48 [main] INFO  com.learningselenium.testbase.TestBase - Entered 400104 in AddCustomer_PostCode_TextField_XPATH field
05-28-2021 01:07:48 [main] INFO  com.learningselenium.testbase.TestBase - Clicked AddCustomer_Button_XPATH field
05-28-2021 01:07:48 [main] INFO  com.learningselenium.testbase.TestBase - Clicked OpenAccount_MenuButton_XPATH field
05-28-2021 01:07:49 [main] INFO  com.learningselenium.testbase.TestBase - Selected Prahakta Mallah in OpenAccount_Customer_Select_XPATH Select field
05-28-2021 01:07:49 [main] INFO  com.learningselenium.testbase.TestBase - Selected Pound in OpenAccount_Currency_Select_XPATH Select field
05-28-2021 01:07:49 [main] INFO  com.learningselenium.testbase.TestBase - Clicked OpenAccount_Process_Button_XPATH field
05-28-2021 01:07:49 [main] INFO  com.learningselenium.testbase.TestBase - Clicked Customer_MenuButton_XPATH field
05-28-2021 01:07:49 [main] INFO  com.learningselenium.testbase.TestBase - Added record : Prahakta is present in Customers Table
05-28-2021 01:07:49 [main] INFO  com.learningselenium.testhelpers.CustomListeners - TestCase : test002_OpenAccountTest Passed.
05-28-2021 01:07:50 [main] INFO  com.learningselenium.testbase.TestBase - Closed all driver browser instances.
05-28-2021 01:07:51 [main] INFO  com.learningselenium.testbase.TestBase - WebDriver setup successfully completed.
05-28-2021 01:07:52 [main] INFO  com.learningselenium.testbase.TestBase - Navigated to http://www.way2automation.com/angularjs-protractor/banking/#/login url.
05-28-2021 01:07:52 [main] INFO  com.learningselenium.testbase.TestBase - Clicked BankManagerLogin_Button_XPATH field
05-28-2021 01:07:52 [main] INFO  com.learningselenium.testbase.TestBase - Clicked AddCustomer_MenuButton_XPATH field
05-28-2021 01:07:52 [main] INFO  com.learningselenium.testbase.TestBase - Entered Vinod in AddCustomer_FirstName_TextField_XPATH field
05-28-2021 01:07:52 [main] INFO  com.learningselenium.testbase.TestBase - Entered Mallah in AddCustomer_LastName_TextField_XPATH field
05-28-2021 01:07:53 [main] INFO  com.learningselenium.testbase.TestBase - Entered 400078 in AddCustomer_PostCode_TextField_XPATH field
05-28-2021 01:07:53 [main] INFO  com.learningselenium.testbase.TestBase - Clicked AddCustomer_Button_XPATH field
05-28-2021 01:07:53 [main] INFO  com.learningselenium.testbase.TestBase - Clicked OpenAccount_MenuButton_XPATH field
05-28-2021 01:07:53 [main] INFO  com.learningselenium.testbase.TestBase - Selected Vinod Mallah in OpenAccount_Customer_Select_XPATH Select field
05-28-2021 01:07:53 [main] INFO  com.learningselenium.testbase.TestBase - Selected Pound in OpenAccount_Currency_Select_XPATH Select field
05-28-2021 01:07:53 [main] INFO  com.learningselenium.testbase.TestBase - Clicked OpenAccount_Process_Button_XPATH field
05-28-2021 01:07:53 [main] INFO  com.learningselenium.testbase.TestBase - Clicked Customer_MenuButton_XPATH field
05-28-2021 01:07:54 [main] INFO  com.learningselenium.testbase.TestBase - Added record : Vinod is present in Customers Table
05-28-2021 01:07:54 [main] INFO  com.learningselenium.testbase.TestBase - Account text for the record : Vinod is present in Customers Table
05-28-2021 01:07:54 [main] INFO  com.learningselenium.testbase.TestBase - Entered Vinod in Customers_SearchCustomer_TextField_XPATH field
05-28-2021 01:07:54 [main] INFO  com.learningselenium.testbase.TestBase - Clicked Customer_SearchedCustomer_Delete_Button_XPATH field
05-28-2021 01:07:54 [main] INFO  com.learningselenium.testbase.TestBase - Entered Vinod in Customers_SearchCustomer_TextField_XPATH field
