05-26-2021 13:45:35 [main] INFO  com.learningselenium.testbase.TestBase - Connected to MySQL Database
05-26-2021 13:45:35 [main] INFO  com.learningselenium.testbase.TestBase - Loaded TestConfig & Object Repository Properties File.
05-26-2021 13:45:37 [main] INFO  com.learningselenium.testbase.TestBase - WebDriver setup successfully completed.
05-26-2021 13:45:38 [main] INFO  com.learningselenium.testbase.TestBase - navigated to http://www.way2automation.com/angularjs-protractor/banking/#/login url.
05-26-2021 13:45:38 [main] INFO  com.learningselenium.testbase.TestBase - Clicked BankManagerLogin_Button_XPATH field
05-26-2021 13:45:38 [main] INFO  com.learningselenium.testbase.TestBase - Clicked AddCustomer_MenuButton_XPATH field
05-26-2021 13:45:38 [main] INFO  com.learningselenium.testbase.TestBase - Entered Harry in AddCustomer_FirstName_TextField_XPATH field
05-26-2021 13:45:38 [main] INFO  com.learningselenium.testbase.TestBase - Entered Potter in AddCustomer_LastName_TextField_XPATH field
05-26-2021 13:45:38 [main] INFO  com.learningselenium.testbase.TestBase - Entered 400078 in AddCustomer_PostCode_TextField_XPATH field
05-26-2021 13:45:38 [main] INFO  com.learningselenium.testbase.TestBase - Clicked AddCustomer_Button_XPATH field
05-26-2021 13:45:39 [main] INFO  com.learningselenium.testbase.TestBase - Closed all driver browser instances.
05-26-2021 13:45:40 [main] INFO  com.learningselenium.testbase.TestBase - WebDriver setup successfully completed.
05-26-2021 13:45:40 [main] INFO  com.learningselenium.testbase.TestBase - navigated to http://www.way2automation.com/angularjs-protractor/banking/#/login url.
05-26-2021 13:45:41 [main] INFO  com.learningselenium.testbase.TestBase - Clicked BankManagerLogin_Button_XPATH field
05-26-2021 13:45:41 [main] INFO  com.learningselenium.testbase.TestBase - Clicked AddCustomer_MenuButton_XPATH field
05-26-2021 13:45:41 [main] INFO  com.learningselenium.testbase.TestBase - Entered Hermoine in AddCustomer_FirstName_TextField_XPATH field
05-26-2021 13:45:41 [main] INFO  com.learningselenium.testbase.TestBase - Entered Granger in AddCustomer_LastName_TextField_XPATH field
05-26-2021 13:45:41 [main] INFO  com.learningselenium.testbase.TestBase - Entered 400104 in AddCustomer_PostCode_TextField_XPATH field
05-26-2021 13:45:41 [main] INFO  com.learningselenium.testbase.TestBase - Clicked AddCustomer_Button_XPATH field
05-26-2021 13:45:42 [main] INFO  com.learningselenium.testbase.TestBase - Closed all driver browser instances.
05-26-2021 13:45:43 [main] INFO  com.learningselenium.testbase.TestBase - WebDriver setup successfully completed.
05-26-2021 13:45:43 [main] INFO  com.learningselenium.testbase.TestBase - navigated to http://www.way2automation.com/angularjs-protractor/banking/#/login url.
05-26-2021 13:45:44 [main] INFO  com.learningselenium.testbase.TestBase - Clicked BankManagerLogin_Button_XPATH field
05-26-2021 13:45:44 [main] INFO  com.learningselenium.testbase.TestBase - Clicked AddCustomer_MenuButton_XPATH field
05-26-2021 13:45:44 [main] INFO  com.learningselenium.testbase.TestBase - Entered Ronald in AddCustomer_FirstName_TextField_XPATH field
05-26-2021 13:45:44 [main] INFO  com.learningselenium.testbase.TestBase - Entered Weasly in AddCustomer_LastName_TextField_XPATH field
05-26-2021 13:45:44 [main] INFO  com.learningselenium.testbase.TestBase - Entered 400064 in AddCustomer_PostCode_TextField_XPATH field
05-26-2021 13:45:44 [main] INFO  com.learningselenium.testbase.TestBase - Clicked AddCustomer_Button_XPATH field
05-26-2021 13:45:45 [main] INFO  com.learningselenium.testbase.TestBase - Closed all driver browser instances.
05-26-2021 13:45:46 [main] INFO  com.learningselenium.testbase.TestBase - WebDriver setup successfully completed.
05-26-2021 13:45:47 [main] INFO  com.learningselenium.testbase.TestBase - navigated to http://www.way2automation.com/angularjs-protractor/banking/#/login url.
05-26-2021 13:45:47 [main] INFO  com.learningselenium.testbase.TestBase - Clicked BankManagerLogin_Button_XPATH field
05-26-2021 13:45:47 [main] INFO  com.learningselenium.testbase.TestBase - Clicked AddCustomer_MenuButton_XPATH field
05-26-2021 13:45:47 [main] INFO  com.learningselenium.testbase.TestBase - Entered Draco in AddCustomer_FirstName_TextField_XPATH field
05-26-2021 13:45:47 [main] INFO  com.learningselenium.testbase.TestBase - Entered Malfoy in AddCustomer_LastName_TextField_XPATH field
05-26-2021 13:45:47 [main] INFO  com.learningselenium.testbase.TestBase - Entered 400090 in AddCustomer_PostCode_TextField_XPATH field
05-26-2021 13:45:48 [main] INFO  com.learningselenium.testbase.TestBase - Clicked AddCustomer_Button_XPATH field
05-26-2021 13:45:48 [main] INFO  com.learningselenium.testbase.TestBase - Closed all driver browser instances.
05-26-2021 13:45:49 [main] INFO  com.learningselenium.testbase.TestBase - WebDriver setup successfully completed.
05-26-2021 13:45:50 [main] INFO  com.learningselenium.testbase.TestBase - navigated to http://www.way2automation.com/angularjs-protractor/banking/#/login url.
05-26-2021 13:45:50 [main] INFO  com.learningselenium.testbase.TestBase - Clicked BankManagerLogin_Button_XPATH field
05-26-2021 13:45:51 [main] INFO  com.learningselenium.testbase.TestBase - Clicked AddCustomer_MenuButton_XPATH field
05-26-2021 13:45:51 [main] INFO  com.learningselenium.testbase.TestBase - Entered Ginny in AddCustomer_FirstName_TextField_XPATH field
05-26-2021 13:45:51 [main] INFO  com.learningselenium.testbase.TestBase - Entered Weasly in AddCustomer_LastName_TextField_XPATH field
05-26-2021 13:45:51 [main] INFO  com.learningselenium.testbase.TestBase - Entered 400104 in AddCustomer_PostCode_TextField_XPATH field
05-26-2021 13:45:51 [main] INFO  com.learningselenium.testbase.TestBase - Clicked AddCustomer_Button_XPATH field
05-26-2021 13:45:53 [main] INFO  com.learningselenium.testbase.TestBase - Closed all driver browser instances.
05-26-2021 13:45:53 [main] INFO  com.learningselenium.testbase.TestBase - Performing Post Test Activity
05-26-2021 13:45:53 [main] INFO  com.learningselenium.testbase.TestBase - Successfully closed MySQL Database Connection
