05-26-2021 14:08:46 [main] INFO  com.learningselenium.testbase.TestBase - Connected to MySQL Database
05-26-2021 14:08:46 [main] INFO  com.learningselenium.testbase.TestBase - Loaded TestConfig & Object Repository Properties File.
05-26-2021 14:08:48 [main] INFO  com.learningselenium.testbase.TestBase - WebDriver setup successfully completed.
05-26-2021 14:08:49 [main] INFO  com.learningselenium.testbase.TestBase - navigated to http://www.way2automation.com/angularjs-protractor/banking/#/login url.
05-26-2021 14:08:49 [main] INFO  com.learningselenium.testbase.TestBase - Clicked BankManagerLogin_Button_XPATH field
05-26-2021 14:08:49 [main] INFO  com.learningselenium.testbase.TestBase - Clicked AddCustomer_MenuButton_XPATH field
05-26-2021 14:08:49 [main] INFO  com.learningselenium.testbase.TestBase - Entered Harry in AddCustomer_FirstName_TextField_XPATH field
05-26-2021 14:08:49 [main] INFO  com.learningselenium.testbase.TestBase - Entered Potter in AddCustomer_LastName_TextField_XPATH field
05-26-2021 14:08:49 [main] INFO  com.learningselenium.testbase.TestBase - Entered 400078 in AddCustomer_PostCode_TextField_XPATH field
05-26-2021 14:08:50 [main] INFO  com.learningselenium.testbase.TestBase - Clicked AddCustomer_Button_XPATH field
05-26-2021 14:08:50 [main] INFO  com.learningselenium.testbase.TestBase - Clicked Customer_MenuButton_XPATH field
05-26-2021 14:08:53 [main] INFO  com.learningselenium.testbase.TestBase - Closed all driver browser instances.
05-26-2021 14:08:55 [main] INFO  com.learningselenium.testbase.TestBase - WebDriver setup successfully completed.
05-26-2021 14:08:58 [main] INFO  com.learningselenium.testbase.TestBase - navigated to http://www.way2automation.com/angularjs-protractor/banking/#/login url.
05-26-2021 14:08:58 [main] INFO  com.learningselenium.testbase.TestBase - Clicked BankManagerLogin_Button_XPATH field
05-26-2021 14:08:58 [main] INFO  com.learningselenium.testbase.TestBase - Clicked AddCustomer_MenuButton_XPATH field
05-26-2021 14:08:59 [main] INFO  com.learningselenium.testbase.TestBase - Entered Hermoine in AddCustomer_FirstName_TextField_XPATH field
05-26-2021 14:08:59 [main] INFO  com.learningselenium.testbase.TestBase - Entered Granger in AddCustomer_LastName_TextField_XPATH field
05-26-2021 14:08:59 [main] INFO  com.learningselenium.testbase.TestBase - Entered 400104 in AddCustomer_PostCode_TextField_XPATH field
05-26-2021 14:08:59 [main] INFO  com.learningselenium.testbase.TestBase - Clicked AddCustomer_Button_XPATH field
05-26-2021 14:08:59 [main] INFO  com.learningselenium.testbase.TestBase - Clicked Customer_MenuButton_XPATH field
