05-26-2021 16:46:08 [main] INFO  com.learningselenium.testbase.TestBase - Connected to MySQL Database
05-26-2021 16:46:08 [main] INFO  com.learningselenium.testbase.TestBase - Loaded TestConfig & Object Repository Properties File.
05-26-2021 16:46:10 [main] INFO  com.learningselenium.testbase.TestBase - WebDriver setup successfully completed.
05-26-2021 16:46:11 [main] INFO  com.learningselenium.testbase.TestBase - Navigated to http://www.way2automation.com/angularjs-protractor/banking/#/login url.
05-26-2021 16:46:12 [main] INFO  com.learningselenium.testbase.TestBase - Clicked BankManagerLogin_Button_XPATH field
05-26-2021 16:46:12 [main] INFO  com.learningselenium.testbase.TestBase - Clicked AddCustomer_MenuButton_XPATH field
05-26-2021 16:46:12 [main] INFO  com.learningselenium.testbase.TestBase - Entered Vinod in AddCustomer_FirstName_TextField_XPATH field
05-26-2021 16:46:12 [main] INFO  com.learningselenium.testbase.TestBase - Entered Mallah in AddCustomer_LastName_TextField_XPATH field
05-26-2021 16:46:12 [main] INFO  com.learningselenium.testbase.TestBase - Entered 400078 in AddCustomer_PostCode_TextField_XPATH field
05-26-2021 16:46:12 [main] INFO  com.learningselenium.testbase.TestBase - Clicked AddCustomer_Button_XPATH field
05-26-2021 16:46:13 [main] INFO  com.learningselenium.testbase.TestBase - Clicked OpenAccount_MenuButton_XPATH field
05-26-2021 16:46:13 [main] INFO  com.learningselenium.testbase.TestBase - Selected Vinod Mallah in OpenAccount_Customer_Select_XPATH Select field
05-26-2021 16:46:17 [main] INFO  com.learningselenium.testbase.TestBase - Closed all driver browser instances.
05-26-2021 16:46:18 [main] INFO  com.learningselenium.testbase.TestBase - WebDriver setup successfully completed.
05-26-2021 16:46:21 [main] INFO  com.learningselenium.testbase.TestBase - Navigated to http://www.way2automation.com/angularjs-protractor/banking/#/login url.
05-26-2021 16:46:21 [main] INFO  com.learningselenium.testbase.TestBase - Clicked BankManagerLogin_Button_XPATH field
05-26-2021 16:46:21 [main] INFO  com.learningselenium.testbase.TestBase - Clicked AddCustomer_MenuButton_XPATH field
05-26-2021 16:46:21 [main] INFO  com.learningselenium.testbase.TestBase - Entered Prahakta in AddCustomer_FirstName_TextField_XPATH field
05-26-2021 16:46:21 [main] INFO  com.learningselenium.testbase.TestBase - Entered Mallah in AddCustomer_LastName_TextField_XPATH field
05-26-2021 16:46:21 [main] INFO  com.learningselenium.testbase.TestBase - Entered 400104 in AddCustomer_PostCode_TextField_XPATH field
05-26-2021 16:46:21 [main] INFO  com.learningselenium.testbase.TestBase - Clicked AddCustomer_Button_XPATH field
05-26-2021 16:46:22 [main] INFO  com.learningselenium.testbase.TestBase - Clicked OpenAccount_MenuButton_XPATH field
05-26-2021 16:46:24 [main] INFO  com.learningselenium.testbase.TestBase - Selected Prahakta Mallah in OpenAccount_Customer_Select_XPATH Select field
05-26-2021 16:46:27 [main] INFO  com.learningselenium.testbase.TestBase - Closed all driver browser instances.
05-26-2021 16:46:29 [main] INFO  com.learningselenium.testbase.TestBase - WebDriver setup successfully completed.
05-26-2021 16:46:31 [main] INFO  com.learningselenium.testbase.TestBase - Navigated to http://www.way2automation.com/angularjs-protractor/banking/#/login url.
05-26-2021 16:46:31 [main] INFO  com.learningselenium.testbase.TestBase - Clicked BankManagerLogin_Button_XPATH field
05-26-2021 16:46:31 [main] INFO  com.learningselenium.testbase.TestBase - Clicked AddCustomer_MenuButton_XPATH field
05-26-2021 16:46:31 [main] INFO  com.learningselenium.testbase.TestBase - Entered Ragga in AddCustomer_FirstName_TextField_XPATH field
05-26-2021 16:46:32 [main] INFO  com.learningselenium.testbase.TestBase - Entered Narayan in AddCustomer_LastName_TextField_XPATH field
05-26-2021 16:46:32 [main] INFO  com.learningselenium.testbase.TestBase - Entered 400064 in AddCustomer_PostCode_TextField_XPATH field
05-26-2021 16:46:32 [main] INFO  com.learningselenium.testbase.TestBase - Clicked AddCustomer_Button_XPATH field
05-26-2021 16:46:32 [main] INFO  com.learningselenium.testbase.TestBase - Clicked OpenAccount_MenuButton_XPATH field
05-26-2021 16:46:32 [main] INFO  com.learningselenium.testbase.TestBase - Selected Ragga Narayan in OpenAccount_Customer_Select_XPATH Select field
05-26-2021 16:46:36 [main] INFO  com.learningselenium.testbase.TestBase - Closed all driver browser instances.
05-26-2021 16:46:37 [main] INFO  com.learningselenium.testbase.TestBase - WebDriver setup successfully completed.
05-26-2021 16:46:38 [main] INFO  com.learningselenium.testbase.TestBase - Navigated to http://www.way2automation.com/angularjs-protractor/banking/#/login url.
05-26-2021 16:46:38 [main] INFO  com.learningselenium.testbase.TestBase - Clicked BankManagerLogin_Button_XPATH field
05-26-2021 16:46:39 [main] INFO  com.learningselenium.testbase.TestBase - Clicked AddCustomer_MenuButton_XPATH field
05-26-2021 16:46:39 [main] INFO  com.learningselenium.testbase.TestBase - Entered Sanjay in AddCustomer_FirstName_TextField_XPATH field
05-26-2021 16:46:39 [main] INFO  com.learningselenium.testbase.TestBase - Entered Shankar in AddCustomer_LastName_TextField_XPATH field
05-26-2021 16:46:39 [main] INFO  com.learningselenium.testbase.TestBase - Entered 400090 in AddCustomer_PostCode_TextField_XPATH field
05-26-2021 16:46:39 [main] INFO  com.learningselenium.testbase.TestBase - Clicked AddCustomer_Button_XPATH field
05-26-2021 16:46:40 [main] INFO  com.learningselenium.testbase.TestBase - Clicked OpenAccount_MenuButton_XPATH field
05-26-2021 16:46:40 [main] INFO  com.learningselenium.testbase.TestBase - Selected Sanjay Shankar in OpenAccount_Customer_Select_XPATH Select field
05-26-2021 16:46:44 [main] INFO  com.learningselenium.testbase.TestBase - Closed all driver browser instances.
05-26-2021 16:46:45 [main] INFO  com.learningselenium.testbase.TestBase - WebDriver setup successfully completed.
05-26-2021 16:46:46 [main] INFO  com.learningselenium.testbase.TestBase - Navigated to http://www.way2automation.com/angularjs-protractor/banking/#/login url.
05-26-2021 16:46:46 [main] INFO  com.learningselenium.testbase.TestBase - Clicked BankManagerLogin_Button_XPATH field
05-26-2021 16:46:46 [main] INFO  com.learningselenium.testbase.TestBase - Clicked AddCustomer_MenuButton_XPATH field
05-26-2021 16:46:47 [main] INFO  com.learningselenium.testbase.TestBase - Entered Kartik in AddCustomer_FirstName_TextField_XPATH field
05-26-2021 16:46:47 [main] INFO  com.learningselenium.testbase.TestBase - Entered Nadar in AddCustomer_LastName_TextField_XPATH field
05-26-2021 16:46:47 [main] INFO  com.learningselenium.testbase.TestBase - Entered 400104 in AddCustomer_PostCode_TextField_XPATH field
05-26-2021 16:46:47 [main] INFO  com.learningselenium.testbase.TestBase - Clicked AddCustomer_Button_XPATH field
05-26-2021 16:46:47 [main] INFO  com.learningselenium.testbase.TestBase - Clicked OpenAccount_MenuButton_XPATH field
05-26-2021 16:46:48 [main] INFO  com.learningselenium.testbase.TestBase - Selected Kartik Nadar in OpenAccount_Customer_Select_XPATH Select field
05-26-2021 16:46:51 [main] INFO  com.learningselenium.testbase.TestBase - Closed all driver browser instances.
05-26-2021 16:46:51 [main] INFO  com.learningselenium.testbase.TestBase - Performing Post Test Activity
05-26-2021 16:46:51 [main] INFO  com.learningselenium.testbase.TestBase - Successfully closed MySQL Database Connection
