05-26-2021 16:28:10 [main] INFO  com.learningselenium.testbase.TestBase - Connected to MySQL Database
05-26-2021 16:28:10 [main] INFO  com.learningselenium.testbase.TestBase - Loaded TestConfig & Object Repository Properties File.
05-26-2021 16:28:12 [main] INFO  com.learningselenium.testbase.TestBase - WebDriver setup successfully completed.
05-26-2021 16:28:21 [main] INFO  com.learningselenium.testbase.TestBase - Navigated to http://www.way2automation.com/angularjs-protractor/banking/#/login url.
05-26-2021 16:28:21 [main] INFO  com.learningselenium.testbase.TestBase - Clicked BankManagerLogin_Button_XPATH field
05-26-2021 16:28:21 [main] INFO  com.learningselenium.testbase.TestBase - Clicked AddCustomer_MenuButton_XPATH field
05-26-2021 16:28:22 [main] INFO  com.learningselenium.testbase.TestBase - Entered Vinod in AddCustomer_FirstName_TextField_XPATH field
05-26-2021 16:28:22 [main] INFO  com.learningselenium.testbase.TestBase - Entered Mallah in AddCustomer_LastName_TextField_XPATH field
05-26-2021 16:28:22 [main] INFO  com.learningselenium.testbase.TestBase - Entered 400078 in AddCustomer_PostCode_TextField_XPATH field
05-26-2021 16:28:22 [main] INFO  com.learningselenium.testbase.TestBase - Clicked AddCustomer_Button_XPATH field
05-26-2021 16:28:22 [main] INFO  com.learningselenium.testbase.TestBase - Clicked Customer_MenuButton_XPATH field
05-26-2021 16:28:23 [main] INFO  com.learningselenium.testbase.TestBase - Added record : Vinod is present in Customers Table
05-26-2021 16:28:23 [main] INFO  com.learningselenium.testbase.TestBase - Account field for the record : Vinod is NOT present in Customers Table
05-26-2021 16:28:23 [main] INFO  com.learningselenium.testbase.TestBase - Closed all driver browser instances.
05-26-2021 16:28:25 [main] INFO  com.learningselenium.testbase.TestBase - WebDriver setup successfully completed.
05-26-2021 16:28:26 [main] INFO  com.learningselenium.testbase.TestBase - Navigated to http://www.way2automation.com/angularjs-protractor/banking/#/login url.
05-26-2021 16:28:27 [main] INFO  com.learningselenium.testbase.TestBase - Clicked BankManagerLogin_Button_XPATH field
05-26-2021 16:28:27 [main] INFO  com.learningselenium.testbase.TestBase - Clicked AddCustomer_MenuButton_XPATH field
05-26-2021 16:28:27 [main] INFO  com.learningselenium.testbase.TestBase - Entered Prahakta in AddCustomer_FirstName_TextField_XPATH field
05-26-2021 16:28:27 [main] INFO  com.learningselenium.testbase.TestBase - Entered Mallah in AddCustomer_LastName_TextField_XPATH field
05-26-2021 16:28:27 [main] INFO  com.learningselenium.testbase.TestBase - Entered 400104 in AddCustomer_PostCode_TextField_XPATH field
05-26-2021 16:28:27 [main] INFO  com.learningselenium.testbase.TestBase - Clicked AddCustomer_Button_XPATH field
05-26-2021 16:28:28 [main] INFO  com.learningselenium.testbase.TestBase - Clicked Customer_MenuButton_XPATH field
05-26-2021 16:28:28 [main] INFO  com.learningselenium.testbase.TestBase - Added record : Prahakta is present in Customers Table
05-26-2021 16:28:28 [main] INFO  com.learningselenium.testbase.TestBase - Account field for the record : Prahakta is NOT present in Customers Table
05-26-2021 16:28:30 [main] INFO  com.learningselenium.testbase.TestBase - Closed all driver browser instances.
05-26-2021 16:28:31 [main] INFO  com.learningselenium.testbase.TestBase - WebDriver setup successfully completed.
05-26-2021 16:28:38 [main] INFO  com.learningselenium.testbase.TestBase - Navigated to http://www.way2automation.com/angularjs-protractor/banking/#/login url.
05-26-2021 16:28:39 [main] INFO  com.learningselenium.testbase.TestBase - Clicked BankManagerLogin_Button_XPATH field
05-26-2021 16:28:40 [main] INFO  com.learningselenium.testbase.TestBase - Clicked AddCustomer_MenuButton_XPATH field
05-26-2021 16:28:40 [main] INFO  com.learningselenium.testbase.TestBase - Entered Ragga in AddCustomer_FirstName_TextField_XPATH field
05-26-2021 16:28:40 [main] INFO  com.learningselenium.testbase.TestBase - Entered Narayan in AddCustomer_LastName_TextField_XPATH field
05-26-2021 16:28:40 [main] INFO  com.learningselenium.testbase.TestBase - Entered 400064 in AddCustomer_PostCode_TextField_XPATH field
05-26-2021 16:28:40 [main] INFO  com.learningselenium.testbase.TestBase - Clicked AddCustomer_Button_XPATH field
05-26-2021 16:28:41 [main] INFO  com.learningselenium.testbase.TestBase - Clicked Customer_MenuButton_XPATH field
05-26-2021 16:28:43 [main] INFO  com.learningselenium.testbase.TestBase - Added record : Ragga is present in Customers Table
05-26-2021 16:28:43 [main] INFO  com.learningselenium.testbase.TestBase - Account field for the record : Ragga is NOT present in Customers Table
05-26-2021 16:28:44 [main] INFO  com.learningselenium.testbase.TestBase - Closed all driver browser instances.
05-26-2021 16:28:45 [main] INFO  com.learningselenium.testbase.TestBase - WebDriver setup successfully completed.
05-26-2021 16:28:47 [main] INFO  com.learningselenium.testbase.TestBase - Navigated to http://www.way2automation.com/angularjs-protractor/banking/#/login url.
05-26-2021 16:28:47 [main] INFO  com.learningselenium.testbase.TestBase - Clicked BankManagerLogin_Button_XPATH field
05-26-2021 16:28:48 [main] INFO  com.learningselenium.testbase.TestBase - Clicked AddCustomer_MenuButton_XPATH field
05-26-2021 16:28:48 [main] INFO  com.learningselenium.testbase.TestBase - Entered Sanjay in AddCustomer_FirstName_TextField_XPATH field
05-26-2021 16:28:48 [main] INFO  com.learningselenium.testbase.TestBase - Entered Shankar in AddCustomer_LastName_TextField_XPATH field
05-26-2021 16:28:48 [main] INFO  com.learningselenium.testbase.TestBase - Entered 400090 in AddCustomer_PostCode_TextField_XPATH field
05-26-2021 16:28:48 [main] INFO  com.learningselenium.testbase.TestBase - Clicked AddCustomer_Button_XPATH field
05-26-2021 16:28:49 [main] INFO  com.learningselenium.testbase.TestBase - Clicked Customer_MenuButton_XPATH field
05-26-2021 16:28:49 [main] INFO  com.learningselenium.testbase.TestBase - Added record : Sanjay is present in Customers Table
05-26-2021 16:28:49 [main] INFO  com.learningselenium.testbase.TestBase - Account field for the record : Sanjay is NOT present in Customers Table
05-26-2021 16:28:50 [main] INFO  com.learningselenium.testbase.TestBase - Closed all driver browser instances.
05-26-2021 16:28:51 [main] INFO  com.learningselenium.testbase.TestBase - WebDriver setup successfully completed.
05-26-2021 16:28:55 [main] INFO  com.learningselenium.testbase.TestBase - Navigated to http://www.way2automation.com/angularjs-protractor/banking/#/login url.
05-26-2021 16:28:55 [main] INFO  com.learningselenium.testbase.TestBase - Clicked BankManagerLogin_Button_XPATH field
05-26-2021 16:28:55 [main] INFO  com.learningselenium.testbase.TestBase - Clicked AddCustomer_MenuButton_XPATH field
05-26-2021 16:28:56 [main] INFO  com.learningselenium.testbase.TestBase - Entered Kartik in AddCustomer_FirstName_TextField_XPATH field
05-26-2021 16:28:56 [main] INFO  com.learningselenium.testbase.TestBase - Entered Nadar in AddCustomer_LastName_TextField_XPATH field
05-26-2021 16:28:56 [main] INFO  com.learningselenium.testbase.TestBase - Entered 400104 in AddCustomer_PostCode_TextField_XPATH field
05-26-2021 16:28:56 [main] INFO  com.learningselenium.testbase.TestBase - Clicked AddCustomer_Button_XPATH field
05-26-2021 16:28:56 [main] INFO  com.learningselenium.testbase.TestBase - Clicked Customer_MenuButton_XPATH field
05-26-2021 16:28:56 [main] INFO  com.learningselenium.testbase.TestBase - Added record : Kartik is present in Customers Table
05-26-2021 16:28:57 [main] INFO  com.learningselenium.testbase.TestBase - Account field for the record : Kartik is NOT present in Customers Table
05-26-2021 16:28:57 [main] INFO  com.learningselenium.testbase.TestBase - Closed all driver browser instances.
05-26-2021 16:28:57 [main] INFO  com.learningselenium.testbase.TestBase - Performing Post Test Activity
05-26-2021 16:28:57 [main] INFO  com.learningselenium.testbase.TestBase - Successfully closed MySQL Database Connection
