05-26-2021 14:09:03 [main] INFO  com.learningselenium.testbase.TestBase - Closed all driver browser instances.
05-26-2021 14:09:04 [main] INFO  com.learningselenium.testbase.TestBase - WebDriver setup successfully completed.
05-26-2021 14:09:05 [main] INFO  com.learningselenium.testbase.TestBase - navigated to http://www.way2automation.com/angularjs-protractor/banking/#/login url.
05-26-2021 14:09:05 [main] INFO  com.learningselenium.testbase.TestBase - Clicked BankManagerLogin_Button_XPATH field
05-26-2021 14:09:05 [main] INFO  com.learningselenium.testbase.TestBase - Clicked AddCustomer_MenuButton_XPATH field
05-26-2021 14:09:05 [main] INFO  com.learningselenium.testbase.TestBase - Entered Ronald in AddCustomer_FirstName_TextField_XPATH field
05-26-2021 14:09:05 [main] INFO  com.learningselenium.testbase.TestBase - Entered Weasly in AddCustomer_LastName_TextField_XPATH field
05-26-2021 14:09:05 [main] INFO  com.learningselenium.testbase.TestBase - Entered 400064 in AddCustomer_PostCode_TextField_XPATH field
05-26-2021 14:09:06 [main] INFO  com.learningselenium.testbase.TestBase - Clicked AddCustomer_Button_XPATH field
05-26-2021 14:09:06 [main] INFO  com.learningselenium.testbase.TestBase - Clicked Customer_MenuButton_XPATH field
05-26-2021 14:09:09 [main] INFO  com.learningselenium.testbase.TestBase - Closed all driver browser instances.
05-26-2021 14:09:10 [main] INFO  com.learningselenium.testbase.TestBase - WebDriver setup successfully completed.
05-26-2021 14:09:13 [main] INFO  com.learningselenium.testbase.TestBase - navigated to http://www.way2automation.com/angularjs-protractor/banking/#/login url.
05-26-2021 14:09:13 [main] INFO  com.learningselenium.testbase.TestBase - Clicked BankManagerLogin_Button_XPATH field
05-26-2021 14:09:13 [main] INFO  com.learningselenium.testbase.TestBase - Clicked AddCustomer_MenuButton_XPATH field
05-26-2021 14:09:13 [main] INFO  com.learningselenium.testbase.TestBase - Entered Draco in AddCustomer_FirstName_TextField_XPATH field
05-26-2021 14:09:13 [main] INFO  com.learningselenium.testbase.TestBase - Entered Malfoy in AddCustomer_LastName_TextField_XPATH field
05-26-2021 14:09:13 [main] INFO  com.learningselenium.testbase.TestBase - Entered 400090 in AddCustomer_PostCode_TextField_XPATH field
05-26-2021 14:09:13 [main] INFO  com.learningselenium.testbase.TestBase - Clicked AddCustomer_Button_XPATH field
05-26-2021 14:09:13 [main] INFO  com.learningselenium.testbase.TestBase - Clicked Customer_MenuButton_XPATH field
05-26-2021 14:09:17 [main] INFO  com.learningselenium.testbase.TestBase - Closed all driver browser instances.
05-26-2021 14:09:18 [main] INFO  com.learningselenium.testbase.TestBase - WebDriver setup successfully completed.
05-26-2021 14:09:19 [main] INFO  com.learningselenium.testbase.TestBase - navigated to http://www.way2automation.com/angularjs-protractor/banking/#/login url.
05-26-2021 14:09:19 [main] INFO  com.learningselenium.testbase.TestBase - Clicked BankManagerLogin_Button_XPATH field
05-26-2021 14:09:19 [main] INFO  com.learningselenium.testbase.TestBase - Clicked AddCustomer_MenuButton_XPATH field
05-26-2021 14:09:19 [main] INFO  com.learningselenium.testbase.TestBase - Entered Ginny in AddCustomer_FirstName_TextField_XPATH field
05-26-2021 14:09:19 [main] INFO  com.learningselenium.testbase.TestBase - Entered Weasly in AddCustomer_LastName_TextField_XPATH field
05-26-2021 14:09:19 [main] INFO  com.learningselenium.testbase.TestBase - Entered 400104 in AddCustomer_PostCode_TextField_XPATH field
05-26-2021 14:09:19 [main] INFO  com.learningselenium.testbase.TestBase - Clicked AddCustomer_Button_XPATH field
05-26-2021 14:09:19 [main] INFO  com.learningselenium.testbase.TestBase - Clicked Customer_MenuButton_XPATH field
05-26-2021 14:09:23 [main] INFO  com.learningselenium.testbase.TestBase - Closed all driver browser instances.
05-26-2021 14:09:23 [main] INFO  com.learningselenium.testbase.TestBase - Performing Post Test Activity
05-26-2021 14:09:23 [main] INFO  com.learningselenium.testbase.TestBase - Successfully closed MySQL Database Connection
