05-26-2021 18:13:30 [main] INFO  com.learningselenium.testbase.TestBase - Connected to MySQL Database
05-26-2021 18:13:30 [main] INFO  com.learningselenium.testbase.TestBase - Loaded TestConfig & Object Repository Properties File.
05-26-2021 18:13:32 [main] INFO  com.learningselenium.testbase.TestBase - WebDriver setup successfully completed.
05-26-2021 18:13:34 [main] INFO  com.learningselenium.testbase.TestBase - Navigated to http://www.way2automation.com/angularjs-protractor/banking/#/login url.
05-26-2021 18:13:35 [main] INFO  com.learningselenium.testbase.TestBase - Clicked BankManagerLogin_Button_XPATH field
05-26-2021 18:13:35 [main] INFO  com.learningselenium.testbase.TestBase - Clicked AddCustomer_MenuButton_XPATH field
05-26-2021 18:13:35 [main] INFO  com.learningselenium.testbase.TestBase - Entered Vinod in AddCustomer_FirstName_TextField_XPATH field
05-26-2021 18:13:35 [main] INFO  com.learningselenium.testbase.TestBase - Entered Mallah in AddCustomer_LastName_TextField_XPATH field
05-26-2021 18:13:35 [main] INFO  com.learningselenium.testbase.TestBase - Entered 400078 in AddCustomer_PostCode_TextField_XPATH field
05-26-2021 18:13:35 [main] INFO  com.learningselenium.testbase.TestBase - Clicked AddCustomer_Button_XPATH field
05-26-2021 18:13:35 [main] INFO  com.learningselenium.testbase.TestBase - Clicked OpenAccount_MenuButton_XPATH field
05-26-2021 18:13:35 [main] INFO  com.learningselenium.testbase.TestBase - Selected Vinod Mallah in OpenAccount_Customer_Select_XPATH Select field
05-26-2021 18:13:36 [main] INFO  com.learningselenium.testbase.TestBase - Selected Pound in OpenAccount_Currency_Select_XPATH Select field
05-26-2021 18:13:36 [main] INFO  com.learningselenium.testbase.TestBase - Clicked OpenAccount_Process_Button_XPATH field
05-26-2021 18:13:36 [main] INFO  com.learningselenium.testbase.TestBase - Clicked Customer_MenuButton_XPATH field
05-26-2021 18:13:36 [main] INFO  com.learningselenium.testbase.TestBase - Added record : Vinod is present in Customers Table
05-26-2021 18:13:36 [main] INFO  com.learningselenium.testbase.TestBase - Account field for the record : Vinod is present in Customers Table
05-26-2021 18:13:36 [main] INFO  com.learningselenium.testbase.TestBase - Entered Vinod in Customers_SearchCustomer_TextField_XPATH field
05-26-2021 18:13:36 [main] INFO  com.learningselenium.testbase.TestBase - Clicked Customer_SearchedCustomer_Delete_Button_XPATH field
05-26-2021 18:13:36 [main] INFO  com.learningselenium.testbase.TestBase - Entered Vinod in Customers_SearchCustomer_TextField_XPATH field
05-26-2021 18:13:46 [main] INFO  com.learningselenium.testbase.TestBase - Record Deleted Successfully!!!!!
05-26-2021 18:13:47 [main] INFO  com.learningselenium.testbase.TestBase - Closed all driver browser instances.
05-26-2021 18:13:48 [main] INFO  com.learningselenium.testbase.TestBase - WebDriver setup successfully completed.
05-26-2021 18:13:58 [main] INFO  com.learningselenium.testbase.TestBase - Navigated to http://www.way2automation.com/angularjs-protractor/banking/#/login url.
