05-26-2021 14:13:22 [main] INFO  com.learningselenium.testbase.TestBase - Connected to MySQL Database
05-26-2021 14:13:22 [main] INFO  com.learningselenium.testbase.TestBase - Loaded TestConfig & Object Repository Properties File.
05-26-2021 14:13:24 [main] INFO  com.learningselenium.testbase.TestBase - WebDriver setup successfully completed.
05-26-2021 14:13:24 [main] INFO  com.learningselenium.testbase.TestBase - navigated to http://www.way2automation.com/angularjs-protractor/banking/#/login url.
05-26-2021 14:13:24 [main] INFO  com.learningselenium.testbase.TestBase - Clicked BankManagerLogin_Button_XPATH field
05-26-2021 14:13:25 [main] INFO  com.learningselenium.testbase.TestBase - Clicked AddCustomer_MenuButton_XPATH field
05-26-2021 14:13:25 [main] INFO  com.learningselenium.testbase.TestBase - Entered Harry in AddCustomer_FirstName_TextField_XPATH field
05-26-2021 14:13:25 [main] INFO  com.learningselenium.testbase.TestBase - Entered Potter in AddCustomer_LastName_TextField_XPATH field
05-26-2021 14:13:25 [main] INFO  com.learningselenium.testbase.TestBase - Entered 400078 in AddCustomer_PostCode_TextField_XPATH field
05-26-2021 14:13:25 [main] INFO  com.learningselenium.testbase.TestBase - Clicked AddCustomer_Button_XPATH field
05-26-2021 14:13:25 [main] INFO  com.learningselenium.testbase.TestBase - Clicked Customer_MenuButton_XPATH field
05-26-2021 14:13:25 [main] INFO  com.learningselenium.testbase.TestBase - Successfully able to search Harry in Customers Table
05-26-2021 14:13:29 [main] INFO  com.learningselenium.testbase.TestBase - Closed all driver browser instances.
05-26-2021 14:13:30 [main] INFO  com.learningselenium.testbase.TestBase - WebDriver setup successfully completed.
05-26-2021 14:13:32 [main] INFO  com.learningselenium.testbase.TestBase - navigated to http://www.way2automation.com/angularjs-protractor/banking/#/login url.
05-26-2021 14:13:33 [main] INFO  com.learningselenium.testbase.TestBase - Clicked BankManagerLogin_Button_XPATH field
05-26-2021 14:13:33 [main] INFO  com.learningselenium.testbase.TestBase - Clicked AddCustomer_MenuButton_XPATH field
05-26-2021 14:13:33 [main] INFO  com.learningselenium.testbase.TestBase - Entered Hermoine in AddCustomer_FirstName_TextField_XPATH field
05-26-2021 14:13:34 [main] INFO  com.learningselenium.testbase.TestBase - Entered Granger in AddCustomer_LastName_TextField_XPATH field
05-26-2021 14:13:34 [main] INFO  com.learningselenium.testbase.TestBase - Entered 400104 in AddCustomer_PostCode_TextField_XPATH field
05-26-2021 14:13:34 [main] INFO  com.learningselenium.testbase.TestBase - Clicked AddCustomer_Button_XPATH field
05-26-2021 14:13:34 [main] INFO  com.learningselenium.testbase.TestBase - Clicked Customer_MenuButton_XPATH field
05-26-2021 14:13:34 [main] INFO  com.learningselenium.testbase.TestBase - Successfully able to search Hermoine in Customers Table
05-26-2021 14:13:37 [main] INFO  com.learningselenium.testbase.TestBase - Closed all driver browser instances.
05-26-2021 14:13:39 [main] INFO  com.learningselenium.testbase.TestBase - WebDriver setup successfully completed.
05-26-2021 14:13:39 [main] INFO  com.learningselenium.testbase.TestBase - navigated to http://www.way2automation.com/angularjs-protractor/banking/#/login url.
05-26-2021 14:13:39 [main] INFO  com.learningselenium.testbase.TestBase - Clicked BankManagerLogin_Button_XPATH field
05-26-2021 14:13:39 [main] INFO  com.learningselenium.testbase.TestBase - Clicked AddCustomer_MenuButton_XPATH field
05-26-2021 14:13:39 [main] INFO  com.learningselenium.testbase.TestBase - Entered Ronald in AddCustomer_FirstName_TextField_XPATH field
05-26-2021 14:13:40 [main] INFO  com.learningselenium.testbase.TestBase - Entered Weasly in AddCustomer_LastName_TextField_XPATH field
05-26-2021 14:13:40 [main] INFO  com.learningselenium.testbase.TestBase - Entered 400064 in AddCustomer_PostCode_TextField_XPATH field
05-26-2021 14:13:40 [main] INFO  com.learningselenium.testbase.TestBase - Clicked AddCustomer_Button_XPATH field
05-26-2021 14:13:40 [main] INFO  com.learningselenium.testbase.TestBase - Clicked Customer_MenuButton_XPATH field
05-26-2021 14:13:40 [main] INFO  com.learningselenium.testbase.TestBase - Successfully able to search Ronald in Customers Table
05-26-2021 14:13:44 [main] INFO  com.learningselenium.testbase.TestBase - Closed all driver browser instances.
05-26-2021 14:13:45 [main] INFO  com.learningselenium.testbase.TestBase - WebDriver setup successfully completed.
05-26-2021 14:13:46 [main] INFO  com.learningselenium.testbase.TestBase - navigated to http://www.way2automation.com/angularjs-protractor/banking/#/login url.
05-26-2021 14:13:46 [main] INFO  com.learningselenium.testbase.TestBase - Clicked BankManagerLogin_Button_XPATH field
05-26-2021 14:13:46 [main] INFO  com.learningselenium.testbase.TestBase - Clicked AddCustomer_MenuButton_XPATH field
05-26-2021 14:13:46 [main] INFO  com.learningselenium.testbase.TestBase - Entered Draco in AddCustomer_FirstName_TextField_XPATH field
05-26-2021 14:13:46 [main] INFO  com.learningselenium.testbase.TestBase - Entered Malfoy in AddCustomer_LastName_TextField_XPATH field
05-26-2021 14:13:46 [main] INFO  com.learningselenium.testbase.TestBase - Entered 400090 in AddCustomer_PostCode_TextField_XPATH field
05-26-2021 14:13:47 [main] INFO  com.learningselenium.testbase.TestBase - Clicked AddCustomer_Button_XPATH field
05-26-2021 14:13:47 [main] INFO  com.learningselenium.testbase.TestBase - Clicked Customer_MenuButton_XPATH field
05-26-2021 14:13:47 [main] INFO  com.learningselenium.testbase.TestBase - Successfully able to search Draco in Customers Table
05-26-2021 14:13:50 [main] INFO  com.learningselenium.testbase.TestBase - Closed all driver browser instances.
05-26-2021 14:13:51 [main] INFO  com.learningselenium.testbase.TestBase - WebDriver setup successfully completed.
05-26-2021 14:13:53 [main] INFO  com.learningselenium.testbase.TestBase - navigated to http://www.way2automation.com/angularjs-protractor/banking/#/login url.
05-26-2021 14:13:53 [main] INFO  com.learningselenium.testbase.TestBase - Clicked BankManagerLogin_Button_XPATH field
05-26-2021 14:13:53 [main] INFO  com.learningselenium.testbase.TestBase - Clicked AddCustomer_MenuButton_XPATH field
05-26-2021 14:13:53 [main] INFO  com.learningselenium.testbase.TestBase - Entered Ginny in AddCustomer_FirstName_TextField_XPATH field
05-26-2021 14:13:53 [main] INFO  com.learningselenium.testbase.TestBase - Entered Weasly in AddCustomer_LastName_TextField_XPATH field
05-26-2021 14:13:54 [main] INFO  com.learningselenium.testbase.TestBase - Entered 400104 in AddCustomer_PostCode_TextField_XPATH field
05-26-2021 14:13:54 [main] INFO  com.learningselenium.testbase.TestBase - Clicked AddCustomer_Button_XPATH field
05-26-2021 14:13:54 [main] INFO  com.learningselenium.testbase.TestBase - Clicked Customer_MenuButton_XPATH field
05-26-2021 14:13:54 [main] INFO  com.learningselenium.testbase.TestBase - Successfully able to search Ginny in Customers Table
05-26-2021 14:13:57 [main] INFO  com.learningselenium.testbase.TestBase - Closed all driver browser instances.
05-26-2021 14:13:57 [main] INFO  com.learningselenium.testbase.TestBase - Performing Post Test Activity
05-26-2021 14:13:57 [main] INFO  com.learningselenium.testbase.TestBase - Successfully closed MySQL Database Connection
