05-26-2021 16:20:12 [main] INFO  com.learningselenium.testbase.TestBase - Connected to MySQL Database
05-26-2021 16:20:12 [main] INFO  com.learningselenium.testbase.TestBase - Loaded TestConfig & Object Repository Properties File.
05-26-2021 16:20:13 [main] INFO  com.learningselenium.testbase.TestBase - WebDriver setup successfully completed.
05-26-2021 16:20:15 [main] INFO  com.learningselenium.testbase.TestBase - Navigated to http://www.way2automation.com/angularjs-protractor/banking/#/login url.
05-26-2021 16:20:15 [main] INFO  com.learningselenium.testbase.TestBase - Clicked BankManagerLogin_Button_XPATH field
05-26-2021 16:20:15 [main] INFO  com.learningselenium.testbase.TestBase - Clicked AddCustomer_MenuButton_XPATH field
05-26-2021 16:20:16 [main] INFO  com.learningselenium.testbase.TestBase - Entered Harry in AddCustomer_FirstName_TextField_XPATH field
05-26-2021 16:20:16 [main] INFO  com.learningselenium.testbase.TestBase - Entered Potter in AddCustomer_LastName_TextField_XPATH field
05-26-2021 16:20:16 [main] INFO  com.learningselenium.testbase.TestBase - Entered 400078 in AddCustomer_PostCode_TextField_XPATH field
05-26-2021 16:20:16 [main] INFO  com.learningselenium.testbase.TestBase - Clicked AddCustomer_Button_XPATH field
05-26-2021 16:20:16 [main] INFO  com.learningselenium.testbase.TestBase - Clicked Customer_MenuButton_XPATH field
05-26-2021 16:20:17 [main] INFO  com.learningselenium.testbase.TestBase - Added record : Harry is present in Customers Table
05-26-2021 16:20:17 [main] INFO  com.learningselenium.testbase.TestBase - Account field for the record : Harry is present in Customers Table
05-26-2021 16:20:18 [main] INFO  com.learningselenium.testbase.TestBase - Closed all driver browser instances.
05-26-2021 16:20:19 [main] INFO  com.learningselenium.testbase.TestBase - WebDriver setup successfully completed.
05-26-2021 16:20:20 [main] INFO  com.learningselenium.testbase.TestBase - Navigated to http://www.way2automation.com/angularjs-protractor/banking/#/login url.
05-26-2021 16:20:21 [main] INFO  com.learningselenium.testbase.TestBase - Clicked BankManagerLogin_Button_XPATH field
05-26-2021 16:20:21 [main] INFO  com.learningselenium.testbase.TestBase - Clicked AddCustomer_MenuButton_XPATH field
05-26-2021 16:20:21 [main] INFO  com.learningselenium.testbase.TestBase - Entered Hermoine in AddCustomer_FirstName_TextField_XPATH field
05-26-2021 16:20:22 [main] INFO  com.learningselenium.testbase.TestBase - Entered Granger in AddCustomer_LastName_TextField_XPATH field
05-26-2021 16:20:22 [main] INFO  com.learningselenium.testbase.TestBase - Entered 400104 in AddCustomer_PostCode_TextField_XPATH field
05-26-2021 16:20:22 [main] INFO  com.learningselenium.testbase.TestBase - Clicked AddCustomer_Button_XPATH field
05-26-2021 16:20:22 [main] INFO  com.learningselenium.testbase.TestBase - Clicked Customer_MenuButton_XPATH field
05-26-2021 16:20:22 [main] INFO  com.learningselenium.testbase.TestBase - Added record : Hermoine is present in Customers Table
05-26-2021 16:20:22 [main] INFO  com.learningselenium.testbase.TestBase - Account field for the record : Hermoine is present in Customers Table
05-26-2021 16:20:23 [main] INFO  com.learningselenium.testbase.TestBase - Closed all driver browser instances.
05-26-2021 16:20:24 [main] INFO  com.learningselenium.testbase.TestBase - WebDriver setup successfully completed.
05-26-2021 16:20:26 [main] INFO  com.learningselenium.testbase.TestBase - Navigated to http://www.way2automation.com/angularjs-protractor/banking/#/login url.
05-26-2021 16:20:26 [main] INFO  com.learningselenium.testbase.TestBase - Clicked BankManagerLogin_Button_XPATH field
05-26-2021 16:20:26 [main] INFO  com.learningselenium.testbase.TestBase - Clicked AddCustomer_MenuButton_XPATH field
05-26-2021 16:20:26 [main] INFO  com.learningselenium.testbase.TestBase - Entered Ronald in AddCustomer_FirstName_TextField_XPATH field
05-26-2021 16:20:26 [main] INFO  com.learningselenium.testbase.TestBase - Entered Weasly in AddCustomer_LastName_TextField_XPATH field
05-26-2021 16:20:26 [main] INFO  com.learningselenium.testbase.TestBase - Entered 400064 in AddCustomer_PostCode_TextField_XPATH field
05-26-2021 16:20:27 [main] INFO  com.learningselenium.testbase.TestBase - Clicked AddCustomer_Button_XPATH field
05-26-2021 16:20:27 [main] INFO  com.learningselenium.testbase.TestBase - Clicked Customer_MenuButton_XPATH field
05-26-2021 16:20:27 [main] INFO  com.learningselenium.testbase.TestBase - Added record : Ronald is present in Customers Table
05-26-2021 16:20:29 [main] INFO  com.learningselenium.testbase.TestBase - Closed all driver browser instances.
05-26-2021 16:20:30 [main] INFO  com.learningselenium.testbase.TestBase - WebDriver setup successfully completed.
05-26-2021 16:20:34 [main] INFO  com.learningselenium.testbase.TestBase - Navigated to http://www.way2automation.com/angularjs-protractor/banking/#/login url.
05-26-2021 16:20:35 [main] INFO  com.learningselenium.testbase.TestBase - Clicked BankManagerLogin_Button_XPATH field
05-26-2021 16:20:35 [main] INFO  com.learningselenium.testbase.TestBase - Clicked AddCustomer_MenuButton_XPATH field
05-26-2021 16:20:35 [main] INFO  com.learningselenium.testbase.TestBase - Entered Draco in AddCustomer_FirstName_TextField_XPATH field
05-26-2021 16:20:35 [main] INFO  com.learningselenium.testbase.TestBase - Entered Malfoy in AddCustomer_LastName_TextField_XPATH field
05-26-2021 16:20:35 [main] INFO  com.learningselenium.testbase.TestBase - Entered 400090 in AddCustomer_PostCode_TextField_XPATH field
05-26-2021 16:20:35 [main] INFO  com.learningselenium.testbase.TestBase - Clicked AddCustomer_Button_XPATH field
05-26-2021 16:20:36 [main] INFO  com.learningselenium.testbase.TestBase - Clicked Customer_MenuButton_XPATH field
05-26-2021 16:20:36 [main] INFO  com.learningselenium.testbase.TestBase - Added record : Draco is present in Customers Table
05-26-2021 16:20:37 [main] INFO  com.learningselenium.testbase.TestBase - Closed all driver browser instances.
05-26-2021 16:20:38 [main] INFO  com.learningselenium.testbase.TestBase - WebDriver setup successfully completed.
05-26-2021 16:20:39 [main] INFO  com.learningselenium.testbase.TestBase - Navigated to http://www.way2automation.com/angularjs-protractor/banking/#/login url.
05-26-2021 16:20:39 [main] INFO  com.learningselenium.testbase.TestBase - Clicked BankManagerLogin_Button_XPATH field
05-26-2021 16:20:39 [main] INFO  com.learningselenium.testbase.TestBase - Clicked AddCustomer_MenuButton_XPATH field
05-26-2021 16:20:39 [main] INFO  com.learningselenium.testbase.TestBase - Entered Ginny in AddCustomer_FirstName_TextField_XPATH field
05-26-2021 16:20:39 [main] INFO  com.learningselenium.testbase.TestBase - Entered Weasly in AddCustomer_LastName_TextField_XPATH field
05-26-2021 16:20:39 [main] INFO  com.learningselenium.testbase.TestBase - Entered 400104 in AddCustomer_PostCode_TextField_XPATH field
05-26-2021 16:20:39 [main] INFO  com.learningselenium.testbase.TestBase - Clicked AddCustomer_Button_XPATH field
05-26-2021 16:20:40 [main] INFO  com.learningselenium.testbase.TestBase - Clicked Customer_MenuButton_XPATH field
05-26-2021 16:20:40 [main] INFO  com.learningselenium.testbase.TestBase - Added record : Ginny is present in Customers Table
05-26-2021 16:20:41 [main] INFO  com.learningselenium.testbase.TestBase - Closed all driver browser instances.
05-26-2021 16:20:41 [main] INFO  com.learningselenium.testbase.TestBase - Performing Post Test Activity
05-26-2021 16:20:41 [main] INFO  com.learningselenium.testbase.TestBase - Successfully closed MySQL Database Connection
